#
# There is insufficient memory for the Java Runtime Environment to continue.
# Native memory allocation (malloc) failed to allocate 1233248 bytes for Chunk::new
# Possible reasons:
#   The system is out of physical RAM or swap space
#   The process is running with CompressedOops enabled, and the Java Heap may be blocking the growth of the native heap
# Possible solutions:
#   Reduce memory load on the system
#   Increase physical memory or swap space
#   Check if swap backing store is full
#   Decrease Java heap size (-Xmx/-Xms)
#   Decrease number of Java threads
#   Decrease Java thread stack sizes (-Xss)
#   Set larger code cache with -XX:ReservedCodeCacheSize=
#   JVM is running with Unscaled Compressed Oops mode in which the Java heap is
#     placed in the first 4GB address space. The Java Heap base address is the
#     maximum limit for the native heap growth. Please use -XX:HeapBaseMinAddress
#     to set the Java Heap base and to place the Java Heap above 4GB virtual address.
# This output file may be truncated or incomplete.
#
#  Out of Memory Error (allocation.cpp:389), pid=9400, tid=0x0000000000001290
#
# JRE version: OpenJDK Runtime Environment (8.0_202-b03) (build 1.8.0_202-release-1483-b03)
# Java VM: OpenJDK 64-Bit Server VM (25.202-b03 mixed mode windows-amd64 compressed oops)
# Failed to write core dump. Minidumps are not enabled by default on client versions of Windows
#

---------------  T H R E A D  ---------------

Current thread (0x0000000017d2e000):  JavaThread "C2 CompilerThread1" daemon [_thread_in_native, id=4752, stack(0x0000000019470000,0x0000000019570000)]

Stack: [0x0000000019470000,0x0000000019570000]
[error occurred during error reporting (printing stack bounds), id 0xc0000005]

Native frames: (J=compiled Java code, j=interpreted, Vv=VM code, C=native code)


Current CompileTask:
C2:7527223 20317       4       com.android.tools.r8.ir.optimize.PeepholeOptimizer::a (1322 bytes)


---------------  P R O C E S S  ---------------

Java Threads: ( => current thread )
  0x000000001f7e0000 JavaThread "stdout" [_thread_in_native, id=3868, stack(0x000000002edb0000,0x000000002eeb0000)]
  0x000000001f7df000 JavaThread "stderr" [_thread_in_native, id=10460, stack(0x000000002ecb0000,0x000000002edb0000)]
  0x000000001f7e0800 JavaThread "pool-8-thread-1" [_thread_blocked, id=11696, stack(0x000000002ebb0000,0x000000002ecb0000)]
  0x000000001f7de800 JavaThread "WorkerExecutor Queue Thread 2" [_thread_blocked, id=3552, stack(0x000000002eab0000,0x000000002ebb0000)]
  0x000000001f7d6000 JavaThread "WorkerExecutor Queue" [_thread_blocked, id=4132, stack(0x000000002e9b0000,0x000000002eab0000)]
  0x000000001f7dc000 JavaThread "Cache worker for execution history cache (C:\Users\aiman\AndroidStudioProjects\Subwayy\.gradle\5.4.1\executionHistory)" [_thread_blocked, id=8484, stack(0x000000002e8b0000,0x000000002e9b0000)]
  0x000000001f7db800 JavaThread "Execution worker for ':' Thread 3" [_thread_in_Java, id=5856, stack(0x000000002e7b0000,0x000000002e8b0000)]
  0x000000001f7dd000 JavaThread "Execution worker for ':' Thread 2" [_thread_blocked, id=11888, stack(0x000000002e6b0000,0x000000002e7b0000)]
  0x000000001f7d4000 JavaThread "Execution worker for ':'" [_thread_in_Java, id=4024, stack(0x000000002e5b0000,0x000000002e6b0000)]
  0x000000001f7d7000 JavaThread "Cache worker for file content cache (C:\Users\aiman\AndroidStudioProjects\Subwayy\.gradle\5.4.1\fileContent)" [_thread_blocked, id=8256, stack(0x000000002e4b0000,0x000000002e5b0000)]
  0x000000001f7da000 JavaThread "Cache worker for Build Output Cleanup Cache (C:\Users\aiman\AndroidStudioProjects\Subwayy\.gradle\buildOutputCleanup)" [_thread_blocked, id=11420, stack(0x000000002e3b0000,0x000000002e4b0000)]
  0x000000001f7d8800 JavaThread "pool-7-thread-1" [_thread_blocked, id=8940, stack(0x000000002e2b0000,0x000000002e3b0000)]
  0x000000001f7d7800 JavaThread "Build operations Thread 4" [_thread_blocked, id=4660, stack(0x000000002e1b0000,0x000000002e2b0000)]
  0x000000001f7d5800 JavaThread "Build operations Thread 3" [_thread_blocked, id=764, stack(0x000000002e0b0000,0x000000002e1b0000)]
  0x000000001f7d9000 JavaThread "Build operations Thread 2" [_thread_blocked, id=9548, stack(0x000000002dfb0000,0x000000002e0b0000)]
  0x000000001d748000 JavaThread "Build operations" [_thread_blocked, id=3348, stack(0x000000002deb0000,0x000000002dfb0000)]
  0x000000001d746000 JavaThread "Cache worker for cache directory md-rule (C:\Users\aiman\.gradle\caches\5.4.1\md-rule)" [_thread_blocked, id=10164, stack(0x000000002ddb0000,0x000000002deb0000)]
  0x000000001d746800 JavaThread "Cache worker for cache directory md-supplier (C:\Users\aiman\.gradle\caches\5.4.1\md-supplier)" [_thread_blocked, id=10368, stack(0x000000002dcb0000,0x000000002ddb0000)]
  0x000000001d73e800 JavaThread "Cache worker for file hash cache (C:\Users\aiman\AndroidStudioProjects\Subwayy\.gradle\5.4.1\fileHashes)" [_thread_blocked, id=6532, stack(0x000000002dbb0000,0x000000002dcb0000)]
  0x000000001d740800 JavaThread "Thread-78" [_thread_blocked, id=6300, stack(0x000000002dab0000,0x000000002dbb0000)]
  0x000000001d742000 JavaThread "Stdin handler" [_thread_blocked, id=800, stack(0x000000002d9b0000,0x000000002dab0000)]
  0x000000001d739000 JavaThread "Asynchronous log dispatcher for DefaultDaemonConnection: socket connection from /127.0.0.1:56479 to /127.0.0.1:57449" [_thread_blocked, id=1480, stack(0x000000002d8b0000,0x000000002d9b0000)]
  0x000000001d740000 JavaThread "Cancel handler" [_thread_blocked, id=10352, stack(0x000000002d7b0000,0x000000002d8b0000)]
  0x000000001d73d800 JavaThread "Handler for socket connection from /127.0.0.1:56479 to /127.0.0.1:57449" [_thread_in_native, id=368, stack(0x000000002d6b0000,0x000000002d7b0000)]
  0x000000001f7e1800 JavaThread "Cache worker for Java compile cache (C:\Users\aiman\.gradle\caches\5.4.1\javaCompile)" [_thread_blocked, id=8868, stack(0x0000000027e40000,0x0000000027f40000)]
  0x000000001adf0800 JavaThread "Cache worker for file content cache (C:\Users\aiman\.gradle\caches\5.4.1\fileContent)" [_thread_blocked, id=7952, stack(0x0000000027340000,0x0000000027440000)]
  0x000000001d73f000 JavaThread "Daemon worker Thread 2" [_thread_in_native, id=7976, stack(0x0000000026640000,0x0000000026740000)]
  0x000000001d73c000 JavaThread "Daemon Thread 2" [_thread_blocked, id=2360, stack(0x0000000026340000,0x0000000026440000)]
  0x000000001d73d000 JavaThread "Memory manager" [_thread_blocked, id=8828, stack(0x0000000025270000,0x0000000025370000)]
  0x000000001d73a800 JavaThread "Cache worker for execution history cache (C:\Users\aiman\.gradle\caches\5.4.1\executionHistory)" [_thread_blocked, id=11460, stack(0x00000000219c0000,0x0000000021ac0000)]
  0x000000001adf5800 JavaThread "Cache worker for journal cache (C:\Users\aiman\.gradle\caches\journal-1)" [_thread_blocked, id=12216, stack(0x000000001c8c0000,0x000000001c9c0000)]
  0x000000001adf7000 JavaThread "File lock request listener" [_thread_in_native, id=8564, stack(0x000000001c7c0000,0x000000001c8c0000)]
  0x000000001adf5000 JavaThread "Cache worker for file hash cache (C:\Users\aiman\.gradle\caches\5.4.1\fileHashes)" [_thread_blocked, id=3304, stack(0x000000001c6c0000,0x000000001c7c0000)]
  0x00000000198b7800 JavaThread "Daemon periodic checks" [_thread_blocked, id=11748, stack(0x000000001bcc0000,0x000000001bdc0000)]
  0x00000000198bb000 JavaThread "Incoming local TCP Connector on port 56479" [_thread_in_native, id=4356, stack(0x000000001ba80000,0x000000001bb80000)]
  0x000000001aa97800 JavaThread "Daemon health stats" [_thread_blocked, id=6316, stack(0x000000001b440000,0x000000001b540000)]
  0x0000000019698800 JavaThread "Service Thread" daemon [_thread_blocked, id=9028, stack(0x0000000019a70000,0x0000000019b70000)]
  0x0000000017d30800 JavaThread "C1 CompilerThread2" daemon [_thread_blocked, id=3140, stack(0x0000000019570000,0x0000000019670000)]
=>0x0000000017d2e000 JavaThread "C2 CompilerThread1" daemon [_thread_in_native, id=4752, stack(0x0000000019470000,0x0000000019570000)]
  0x0000000017d29800 JavaThread "C2 CompilerThread0" daemon [_thread_in_native, id=8216, stack(0x0000000019370000,0x0000000019470000)]
  0x0000000017d28800 JavaThread "Attach Listener" daemon [_thread_blocked, id=7040, stack(0x0000000019270000,0x0000000019370000)]
  0x0000000017d35000 JavaThread "Signal Dispatcher" daemon [_thread_blocked, id=11508, stack(0x0000000019170000,0x0000000019270000)]
  0x00000000043bb800 JavaThread "Finalizer" daemon [_thread_blocked, id=7864, stack(0x0000000018f80000,0x0000000019080000)]
  0x0000000017d19000 JavaThread "Reference Handler" daemon [_thread_blocked, id=5504, stack(0x0000000018e80000,0x0000000018f80000)]
  0x00000000042ad800 JavaThread "main" [_thread_blocked, id=10108, stack(0x00000000040d0000,0x00000000041d0000)]

Other Threads:
  0x0000000017cf6800 VMThread [stack: 0x0000000018d80000,0x0000000018e80000] [id=9264]
  0x0000000017d8d800 WatcherThread [stack: 0x0000000019b70000,0x0000000019c70000] [id=4016]

VM state:not at safepoint (normal execution)

VM Mutex/Monitor currently owned by a thread: None

heap address: 0x00000000a0000000, size: 1536 MB, Compressed Oops mode: 32-bit
Narrow klass base: 0x0000000000000000, Narrow klass shift: 3
Compressed class space size: 1073741824 Address: 0x0000000100000000

Heap:
 PSYoungGen      total 263168K, used 184216K [0x00000000e0000000, 0x00000000f4380000, 0x0000000100000000)
  eden space 222720K, 79% used [0x00000000e0000000,0x00000000eac70790,0x00000000ed980000)
  from space 40448K, 18% used [0x00000000ed980000,0x00000000ee0f58a0,0x00000000f0100000)
  to   space 38912K, 0% used [0x00000000f1d80000,0x00000000f1d80000,0x00000000f4380000)
 ParOldGen       total 119808K, used 101580K [0x00000000a0000000, 0x00000000a7500000, 0x00000000e0000000)
  object space 119808K, 84% used [0x00000000a0000000,0x00000000a63333c8,0x00000000a7500000)
 Metaspace       used 97353K, capacity 101296K, committed 101568K, reserved 1138688K
  class space    used 12446K, capacity 13197K, committed 13312K, reserved 1048576K

Card table byte_map: [0x0000000013780000,0x0000000013a90000] byte_map_base: 0x0000000013280000

Marking Bits: (ParMarkBitMap*) 0x00000000763c9f30
 Begin Bits: [0x0000000014090000, 0x0000000015890000)
 End Bits:   [0x0000000015890000, 0x0000000017090000)

Polling page: 0x00000000001f0000

CodeCache: size=245760Kb used=57655Kb max_used=57655Kb free=188104Kb
 bounds [0x00000000043c0000, 0x0000000007c60000, 0x00000000133c0000]
 total_blobs=17554 nmethods=16640 adapters=824
 compilation: enabled

Compilation events (10 events):
Event: 7524.706 Thread 0x0000000017d30800 20455       2       java.lang.IllegalArgumentException::<init> (5 bytes)
Event: 7524.706 Thread 0x0000000017d30800 nmethod 20455 0x0000000005096950 code [0x0000000005096ac0, 0x0000000005096c28]
Event: 7524.712 Thread 0x0000000017d30800 20456       2       com.android.tools.r8.graph.x::a (46 bytes)
Event: 7524.713 Thread 0x0000000017d30800 nmethod 20456 0x0000000005d134d0 code [0x0000000005d13640, 0x0000000005d138b8]
Event: 7524.714 Thread 0x0000000017d30800 20457       1       com.android.tools.r8.graph.DexApplication$a::a (5 bytes)
Event: 7524.715 Thread 0x0000000017d30800 nmethod 20457 0x0000000005cf5050 code [0x0000000005cf51a0, 0x0000000005cf52b0]
Event: 7524.808 Thread 0x0000000017d30800 20459       2       com.android.tools.r8.m.a.a.b.U0::listIterator (36 bytes)
Event: 7524.809 Thread 0x0000000017d30800 nmethod 20459 0x0000000004985a50 code [0x0000000004985be0, 0x0000000004985f18]
Event: 7524.823 Thread 0x0000000017d30800 20460       3       com.android.tools.r8.ir.conversion.N::buildPrelude (868 bytes)
Event: 7524.833 Thread 0x0000000017d30800 nmethod 20460 0x0000000006ff1550 code [0x0000000006ff1e80, 0x0000000006ff72f8]

GC Heap History (10 events):
Event: 7484.716 GC heap before
{Heap before GC invocations=33 (full 4):
 PSYoungGen      total 218624K, used 199235K [0x00000000e0000000, 0x00000000ef800000, 0x0000000100000000)
  eden space 190464K, 100% used [0x00000000e0000000,0x00000000eba00000,0x00000000eba00000)
  from space 28160K, 31% used [0x00000000edc80000,0x00000000ee510cd0,0x00000000ef800000)
  to   space 31744K, 0% used [0x00000000eba00000,0x00000000eba00000,0x00000000ed900000)
 ParOldGen       total 119808K, used 60436K [0x00000000a0000000, 0x00000000a7500000, 0x00000000e0000000)
  object space 119808K, 50% used [0x00000000a0000000,0x00000000a3b051a0,0x00000000a7500000)
 Metaspace       used 94896K, capacity 98318K, committed 99264K, reserved 1136640K
  class space    used 12143K, capacity 12810K, committed 13056K, reserved 1048576K
Event: 7484.740 GC heap after
Heap after GC invocations=33 (full 4):
 PSYoungGen      total 222208K, used 6165K [0x00000000e0000000, 0x00000000f1f80000, 0x0000000100000000)
  eden space 190464K, 0% used [0x00000000e0000000,0x00000000e0000000,0x00000000eba00000)
  from space 31744K, 19% used [0x00000000eba00000,0x00000000ec0056f8,0x00000000ed900000)
  to   space 31232K, 0% used [0x00000000f0100000,0x00000000f0100000,0x00000000f1f80000)
 ParOldGen       total 119808K, used 63288K [0x00000000a0000000, 0x00000000a7500000, 0x00000000e0000000)
  object space 119808K, 52% used [0x00000000a0000000,0x00000000a3dce210,0x00000000a7500000)
 Metaspace       used 94896K, capacity 98318K, committed 99264K, reserved 1136640K
  class space    used 12143K, capacity 12810K, committed 13056K, reserved 1048576K
}
Event: 7486.875 GC heap before
{Heap before GC invocations=34 (full 4):
 PSYoungGen      total 222208K, used 196629K [0x00000000e0000000, 0x00000000f1f80000, 0x0000000100000000)
  eden space 190464K, 100% used [0x00000000e0000000,0x00000000eba00000,0x00000000eba00000)
  from space 31744K, 19% used [0x00000000eba00000,0x00000000ec0056f8,0x00000000ed900000)
  to   space 31232K, 0% used [0x00000000f0100000,0x00000000f0100000,0x00000000f1f80000)
 ParOldGen       total 119808K, used 63288K [0x00000000a0000000, 0x00000000a7500000, 0x00000000e0000000)
  object space 119808K, 52% used [0x00000000a0000000,0x00000000a3dce210,0x00000000a7500000)
 Metaspace       used 95126K, capacity 98548K, committed 99520K, reserved 1136640K
  class space    used 12147K, capacity 12811K, committed 13056K, reserved 1048576K
Event: 7486.979 GC heap after
Heap after GC invocations=34 (full 4):
 PSYoungGen      total 251904K, used 31230K [0x00000000e0000000, 0x00000000f3480000, 0x0000000100000000)
  eden space 220672K, 0% used [0x00000000e0000000,0x00000000e0000000,0x00000000ed780000)
  from space 31232K, 99% used [0x00000000f0100000,0x00000000f1f7f948,0x00000000f1f80000)
  to   space 42496K, 0% used [0x00000000ed780000,0x00000000ed780000,0x00000000f0100000)
 ParOldGen       total 119808K, used 79753K [0x00000000a0000000, 0x00000000a7500000, 0x00000000e0000000)
  object space 119808K, 66% used [0x00000000a0000000,0x00000000a4de26b0,0x00000000a7500000)
 Metaspace       used 95126K, capacity 98548K, committed 99520K, reserved 1136640K
  class space    used 12147K, capacity 12811K, committed 13056K, reserved 1048576K
}
Event: 7513.658 GC heap before
{Heap before GC invocations=35 (full 4):
 PSYoungGen      total 251904K, used 251902K [0x00000000e0000000, 0x00000000f3480000, 0x0000000100000000)
  eden space 220672K, 100% used [0x00000000e0000000,0x00000000ed780000,0x00000000ed780000)
  from space 31232K, 99% used [0x00000000f0100000,0x00000000f1f7f948,0x00000000f1f80000)
  to   space 42496K, 0% used [0x00000000ed780000,0x00000000ed780000,0x00000000f0100000)
 ParOldGen       total 119808K, used 79753K [0x00000000a0000000, 0x00000000a7500000, 0x00000000e0000000)
  object space 119808K, 66% used [0x00000000a0000000,0x00000000a4de26b0,0x00000000a7500000)
 Metaspace       used 97058K, capacity 100930K, committed 101312K, reserved 1136640K
  class space    used 12425K, capacity 13154K, committed 13312K, reserved 1048576K
Event: 7513.726 GC heap after
Heap after GC invocations=35 (full 4):
 PSYoungGen      total 263168K, used 9514K [0x00000000e0000000, 0x00000000f3480000, 0x0000000100000000)
  eden space 220672K, 0% used [0x00000000e0000000,0x00000000e0000000,0x00000000ed780000)
  from space 42496K, 22% used [0x00000000ed780000,0x00000000ee0ca8f8,0x00000000f0100000)
  to   space 31232K, 0% used [0x00000000f0100000,0x00000000f0100000,0x00000000f1f80000)
 ParOldGen       total 119808K, used 91226K [0x00000000a0000000, 0x00000000a7500000, 0x00000000e0000000)
  object space 119808K, 76% used [0x00000000a0000000,0x00000000a59168b8,0x00000000a7500000)
 Metaspace       used 97058K, capacity 100930K, committed 101312K, reserved 1136640K
  class space    used 12425K, capacity 13154K, committed 13312K, reserved 1048576K
}
Event: 7522.044 GC heap before
{Heap before GC invocations=36 (full 4):
 PSYoungGen      total 263168K, used 230186K [0x00000000e0000000, 0x00000000f3480000, 0x0000000100000000)
  eden space 220672K, 100% used [0x00000000e0000000,0x00000000ed780000,0x00000000ed780000)
  from space 42496K, 22% used [0x00000000ed780000,0x00000000ee0ca8f8,0x00000000f0100000)
  to   space 31232K, 0% used [0x00000000f0100000,0x00000000f0100000,0x00000000f1f80000)
 ParOldGen       total 119808K, used 91226K [0x00000000a0000000, 0x00000000a7500000, 0x00000000e0000000)
  object space 119808K, 76% used [0x00000000a0000000,0x00000000a59168b8,0x00000000a7500000)
 Metaspace       used 97195K, capacity 101108K, committed 101312K, reserved 1136640K
  class space    used 12431K, capacity 13161K, committed 13312K, reserved 1048576K
Event: 7522.114 GC heap after
Heap after GC invocations=36 (full 4):
 PSYoungGen      total 253952K, used 3443K [0x00000000e0000000, 0x00000000f4d00000, 0x0000000100000000)
  eden space 222720K, 0% used [0x00000000e0000000,0x00000000e0000000,0x00000000ed980000)
  from space 31232K, 11% used [0x00000000f0100000,0x00000000f045cef8,0x00000000f1f80000)
  to   space 40448K, 0% used [0x00000000ed980000,0x00000000ed980000,0x00000000f0100000)
 ParOldGen       total 119808K, used 99132K [0x00000000a0000000, 0x00000000a7500000, 0x00000000e0000000)
  object space 119808K, 82% used [0x00000000a0000000,0x00000000a60cf230,0x00000000a7500000)
 Metaspace       used 97195K, capacity 101108K, committed 101312K, reserved 1136640K
  class space    used 12431K, capacity 13161K, committed 13312K, reserved 1048576K
}
Event: 7523.843 GC heap before
{Heap before GC invocations=37 (full 4):
 PSYoungGen      total 253952K, used 226163K [0x00000000e0000000, 0x00000000f4d00000, 0x0000000100000000)
  eden space 222720K, 100% used [0x00000000e0000000,0x00000000ed980000,0x00000000ed980000)
  from space 31232K, 11% used [0x00000000f0100000,0x00000000f045cef8,0x00000000f1f80000)
  to   space 40448K, 0% used [0x00000000ed980000,0x00000000ed980000,0x00000000f0100000)
 ParOldGen       total 119808K, used 99132K [0x00000000a0000000, 0x00000000a7500000, 0x00000000e0000000)
  object space 119808K, 82% used [0x00000000a0000000,0x00000000a60cf230,0x00000000a7500000)
 Metaspace       used 97265K, capacity 101184K, committed 101568K, reserved 1138688K
  class space    used 12433K, capacity 13163K, committed 13312K, reserved 1048576K
Event: 7523.867 GC heap after
Heap after GC invocations=37 (full 4):
 PSYoungGen      total 263168K, used 7638K [0x00000000e0000000, 0x00000000f4380000, 0x0000000100000000)
  eden space 222720K, 0% used [0x00000000e0000000,0x00000000e0000000,0x00000000ed980000)
  from space 40448K, 18% used [0x00000000ed980000,0x00000000ee0f58a0,0x00000000f0100000)
  to   space 38912K, 0% used [0x00000000f1d80000,0x00000000f1d80000,0x00000000f4380000)
 ParOldGen       total 119808K, used 101580K [0x00000000a0000000, 0x00000000a7500000, 0x00000000e0000000)
  object space 119808K, 84% used [0x00000000a0000000,0x00000000a63333c8,0x00000000a7500000)
 Metaspace       used 97265K, capacity 101184K, committed 101568K, reserved 1138688K
  class space    used 12433K, capacity 13163K, committed 13312K, reserved 1048576K
}

Deoptimization events (10 events):
Event: 7523.647 Thread 0x000000001f7db800 Uncommon trap: reason=array_check action=maybe_recompile pc=0x00000000076f1c40 method=java.util.TimSort.mergeHi(IIII)V @ 101
Event: 7523.647 Thread 0x000000001f7db800 Uncommon trap: reason=array_check action=maybe_recompile pc=0x00000000076f1c40 method=java.util.TimSort.mergeHi(IIII)V @ 101
Event: 7523.886 Thread 0x000000001f7dd000 Uncommon trap: reason=unstable_if action=reinterpret pc=0x00000000066d2360 method=com.android.tools.r8.t.a.a.f.a(II[C)Ljava/lang/String; @ 32
Event: 7523.887 Thread 0x000000001f7dd000 Uncommon trap: reason=unstable_if action=reinterpret pc=0x000000000702becc method=com.android.tools.r8.graph.DexString.<init>(Ljava/lang/String;)V @ 39
Event: 7523.934 Thread 0x000000001f7dd000 Uncommon trap: reason=unstable_if action=reinterpret pc=0x0000000006de3268 method=com.android.tools.r8.t.a.a.f.a(II[C)Ljava/lang/String; @ 32
Event: 7524.070 Thread 0x000000001f7dd000 Uncommon trap: reason=unstable_if action=reinterpret pc=0x0000000006e65100 method=com.android.tools.r8.graph.DexString.k()Ljava/lang/String; @ 56
Event: 7524.247 Thread 0x000000001f7db800 Uncommon trap: reason=class_check action=maybe_recompile pc=0x0000000007738d3c method=com.android.tools.r8.code.j0.a(Lcom/android/tools/r8/dex/g;Lcom/android/tools/r8/graph/DexMethod;I)V @ 7
Event: 7524.257 Thread 0x000000001f7dd000 Uncommon trap: reason=class_check action=maybe_recompile pc=0x0000000005b7c2bc method=com.android.tools.r8.ir.conversion.U.a(Lcom/android/tools/r8/ir/conversion/T;)Z @ 4
Event: 7524.348 Thread 0x000000001d73f000 Uncommon trap: reason=array_check action=maybe_recompile pc=0x00000000076f1c40 method=java.util.TimSort.mergeHi(IIII)V @ 101
Event: 7524.348 Thread 0x000000001d73f000 Uncommon trap: reason=array_check action=maybe_recompile pc=0x00000000076f1c40 method=java.util.TimSort.mergeHi(IIII)V @ 101

Classes redefined (0 events):
No events

Internal exceptions (10 events):
Event: 7523.218 Thread 0x000000001f7dd000 Exception <a 'sun/nio/fs/WindowsException'> (0x00000000e5277600) thrown at [D:\src\AOSP-openjdk-cygwin\jdk8u\hotspot\src\share\vm\prims\jni.cpp, line 710]
Event: 7523.371 Thread 0x000000001f7dd000 Exception <a 'sun/nio/fs/WindowsException'> (0x00000000e71fe7b8) thrown at [D:\src\AOSP-openjdk-cygwin\jdk8u\hotspot\src\share\vm\prims\jni.cpp, line 710]
Event: 7523.659 Thread 0x000000001f7db800 Exception <a 'sun/nio/fs/WindowsException'> (0x00000000eb181988) thrown at [D:\src\AOSP-openjdk-cygwin\jdk8u\hotspot\src\share\vm\prims\jni.cpp, line 710]
Event: 7523.805 Thread 0x000000001f7dd000 Exception <a 'sun/nio/fs/WindowsException'> (0x00000000ecf32fd0) thrown at [D:\src\AOSP-openjdk-cygwin\jdk8u\hotspot\src\share\vm\prims\jni.cpp, line 710]
Event: 7523.977 Thread 0x000000001f7d4000 Exception <a 'sun/nio/fs/WindowsException'> (0x00000000e16edeb0) thrown at [D:\src\AOSP-openjdk-cygwin\jdk8u\hotspot\src\share\vm\prims\jni.cpp, line 710]
Event: 7524.224 Thread 0x000000001f7db800 Exception <a 'sun/nio/fs/WindowsException'> (0x00000000e005bae8) thrown at [D:\src\AOSP-openjdk-cygwin\jdk8u\hotspot\src\share\vm\prims\jni.cpp, line 710]
Event: 7524.249 Thread 0x000000001f7db800 Exception <a 'sun/nio/fs/WindowsException'> (0x00000000e4772480) thrown at [D:\src\AOSP-openjdk-cygwin\jdk8u\hotspot\src\share\vm\prims\jni.cpp, line 710]
Event: 7524.396 Thread 0x000000001d73f000 Exception <a 'sun/nio/fs/WindowsException'> (0x00000000e5b214b0) thrown at [D:\src\AOSP-openjdk-cygwin\jdk8u\hotspot\src\share\vm\prims\jni.cpp, line 710]
Event: 7524.402 Thread 0x000000001f7d4000 Exception <a 'sun/nio/fs/WindowsException'> (0x00000000e49bcca0) thrown at [D:\src\AOSP-openjdk-cygwin\jdk8u\hotspot\src\share\vm\prims\jni.cpp, line 710]
Event: 7524.638 Thread 0x000000001f7db800 Exception <a 'sun/nio/fs/WindowsException'> (0x00000000e89ad4e0) thrown at [D:\src\AOSP-openjdk-cygwin\jdk8u\hotspot\src\share\vm\prims\jni.cpp, line 710]

Events (10 events):
Event: 7524.489 Thread 0x000000001f7dd000 DEOPT PACKING pc=0x000000000688910b sp=0x000000002e7aad90
Event: 7524.489 Thread 0x000000001f7dd000 DEOPT UNPACKING pc=0x00000000044075d0 sp=0x000000002e7aaab8 mode 0
Event: 7524.570 Thread 0x000000001f7dd000 DEOPT PACKING pc=0x00000000071e8cba sp=0x000000002e7ab060
Event: 7524.570 Thread 0x000000001f7dd000 DEOPT UNPACKING pc=0x00000000044075d0 sp=0x000000002e7aad78 mode 0
Event: 7524.631 Thread 0x000000001f7dd000 DEOPT PACKING pc=0x0000000007097824 sp=0x000000002e7ab250
Event: 7524.631 Thread 0x000000001f7dd000 DEOPT UNPACKING pc=0x00000000044075d0 sp=0x000000002e7ab038 mode 0
Event: 7524.762 Thread 0x000000001f7d4000 DEOPT PACKING pc=0x00000000071e8cba sp=0x000000002e6ab260
Event: 7524.762 Thread 0x000000001f7d4000 DEOPT UNPACKING pc=0x00000000044075d0 sp=0x000000002e6aaf78 mode 0
Event: 7524.834 Thread 0x000000001f7dd000 DEOPT PACKING pc=0x000000000712dafa sp=0x000000002e7ab050
Event: 7524.834 Thread 0x000000001f7dd000 DEOPT UNPACKING pc=0x00000000044075d0 sp=0x000000002e7aaf80 mode 0


Dynamic libraries:
0x00007ff655010000 - 0x00007ff655041000 	C:\Program Files\Android\Android Studio\jre\bin\java.exe
0x00007ffe45b10000 - 0x00007ffe45cf0000 	C:\WINDOWS\SYSTEM32\ntdll.dll
0x00007ffe45a30000 - 0x00007ffe45ade000 	C:\WINDOWS\System32\KERNEL32.DLL
0x00007ffe42d70000 - 0x00007ffe42fd6000 	C:\WINDOWS\System32\KERNELBASE.dll
0x00007ffe44c00000 - 0x00007ffe44ca1000 	C:\WINDOWS\System32\ADVAPI32.dll
0x00007ffe44d10000 - 0x00007ffe44dad000 	C:\WINDOWS\System32\msvcrt.dll
0x00007ffe435d0000 - 0x00007ffe4362b000 	C:\WINDOWS\System32\sechost.dll
0x00007ffe43060000 - 0x00007ffe4317f000 	C:\WINDOWS\System32\RPCRT4.dll
0x00007ffe455a0000 - 0x00007ffe4572e000 	C:\WINDOWS\System32\USER32.dll
0x00007ffe42070000 - 0x00007ffe42090000 	C:\WINDOWS\System32\win32u.dll
0x00007ffe450b0000 - 0x00007ffe450d8000 	C:\WINDOWS\System32\GDI32.dll
0x00007ffe42980000 - 0x00007ffe42b11000 	C:\WINDOWS\System32\gdi32full.dll
0x00007ffe420e0000 - 0x00007ffe4217b000 	C:\WINDOWS\System32\msvcp_win.dll
0x00007ffe41f70000 - 0x00007ffe42066000 	C:\WINDOWS\System32\ucrtbase.dll
0x00007ffe322f0000 - 0x00007ffe32559000 	C:\WINDOWS\WinSxS\amd64_microsoft.windows.common-controls_6595b64144ccf1df_6.0.16299.15_none_cc92fb402215d91d\COMCTL32.dll
0x00007ffe450e0000 - 0x00007ffe453e8000 	C:\WINDOWS\System32\combase.dll
0x00007ffe42b20000 - 0x00007ffe42b92000 	C:\WINDOWS\System32\bcryptPrimitives.dll
0x00007ffe45730000 - 0x00007ffe4575d000 	C:\WINDOWS\System32\IMM32.DLL
0x0000000075a40000 - 0x0000000075b12000 	C:\Program Files\Android\Android Studio\jre\jre\bin\msvcr100.dll
0x0000000075c00000 - 0x0000000076446000 	C:\Program Files\Android\Android Studio\jre\jre\bin\server\jvm.dll
0x00007ffe44bf0000 - 0x00007ffe44bf8000 	C:\WINDOWS\System32\PSAPI.DLL
0x00007ffe347f0000 - 0x00007ffe347f9000 	C:\WINDOWS\SYSTEM32\WSOCK32.dll
0x00007ffe45760000 - 0x00007ffe457cc000 	C:\WINDOWS\System32\WS2_32.dll
0x00007ffe35040000 - 0x00007ffe3504a000 	C:\WINDOWS\SYSTEM32\VERSION.dll
0x00007ffe3feb0000 - 0x00007ffe3fed3000 	C:\WINDOWS\SYSTEM32\WINMM.dll
0x00007ffe3fe20000 - 0x00007ffe3fe4a000 	C:\WINDOWS\SYSTEM32\winmmbase.dll
0x00007ffe42090000 - 0x00007ffe420da000 	C:\WINDOWS\System32\cfgmgr32.dll
0x00007ffe3ffb0000 - 0x00007ffe3ffbf000 	C:\Program Files\Android\Android Studio\jre\jre\bin\verify.dll
0x00007ffe38670000 - 0x00007ffe38699000 	C:\Program Files\Android\Android Studio\jre\jre\bin\java.dll
0x00007ffe3bfb0000 - 0x00007ffe3bfc6000 	C:\Program Files\Android\Android Studio\jre\jre\bin\zip.dll
0x00007ffe437b0000 - 0x00007ffe44be7000 	C:\WINDOWS\System32\SHELL32.dll
0x00007ffe45830000 - 0x00007ffe458d6000 	C:\WINDOWS\System32\shcore.dll
0x00007ffe42180000 - 0x00007ffe428c7000 	C:\WINDOWS\System32\windows.storage.dll
0x00007ffe44cb0000 - 0x00007ffe44d01000 	C:\WINDOWS\System32\shlwapi.dll
0x00007ffe41e60000 - 0x00007ffe41e71000 	C:\WINDOWS\System32\kernel.appcore.dll
0x00007ffe41ec0000 - 0x00007ffe41f0c000 	C:\WINDOWS\System32\powrprof.dll
0x00007ffe41e80000 - 0x00007ffe41e9b000 	C:\WINDOWS\System32\profapi.dll
0x00007ffe38650000 - 0x00007ffe3866a000 	C:\Program Files\Android\Android Studio\jre\jre\bin\net.dll
0x00007ffe41690000 - 0x00007ffe416f6000 	C:\WINDOWS\system32\mswsock.dll
0x00007ffe38630000 - 0x00007ffe38641000 	C:\Program Files\Android\Android Studio\jre\jre\bin\nio.dll
0x00007ffe285d0000 - 0x00007ffe285f6000 	C:\Users\aiman\.gradle\native\29\windows-amd64\native-platform.dll
0x00007ffe3ff70000 - 0x00007ffe3ff7d000 	C:\Program Files\Android\Android Studio\jre\jre\bin\management.dll
0x00007ffe41850000 - 0x00007ffe41867000 	C:\WINDOWS\SYSTEM32\CRYPTSP.dll
0x00007ffe412a0000 - 0x00007ffe412d3000 	C:\WINDOWS\system32\rsaenh.dll
0x00007ffe41960000 - 0x00007ffe41985000 	C:\WINDOWS\SYSTEM32\bcrypt.dll
0x00007ffe41d90000 - 0x00007ffe41db9000 	C:\WINDOWS\SYSTEM32\USERENV.dll
0x00007ffe41870000 - 0x00007ffe4187b000 	C:\WINDOWS\SYSTEM32\CRYPTBASE.dll
0x00007ffe41420000 - 0x00007ffe41459000 	C:\WINDOWS\SYSTEM32\IPHLPAPI.DLL
0x00007ffe45590000 - 0x00007ffe45598000 	C:\WINDOWS\System32\NSI.dll
0x00007ffe39b90000 - 0x00007ffe39ba6000 	C:\WINDOWS\SYSTEM32\dhcpcsvc6.DLL
0x00007ffe3abc0000 - 0x00007ffe3abda000 	C:\WINDOWS\SYSTEM32\dhcpcsvc.DLL
0x00007ffe2ffa0000 - 0x00007ffe2ffc4000 	C:\Program Files\Android\Android Studio\jre\jre\bin\sunec.dll
0x00007ffe41460000 - 0x00007ffe41516000 	C:\WINDOWS\SYSTEM32\DNSAPI.dll
0x00007ffe35d00000 - 0x00007ffe35d0a000 	C:\Windows\System32\rasadhlp.dll
0x00007ffe36be0000 - 0x00007ffe36c50000 	C:\WINDOWS\System32\fwpuclnt.dll
0x00007ffe3e900000 - 0x00007ffe3e90b000 	C:\Program Files\Android\Android Studio\jre\jre\bin\sunmscapi.dll
0x00007ffe42ba0000 - 0x00007ffe42d6e000 	C:\WINDOWS\System32\CRYPT32.dll
0x00007ffe41ea0000 - 0x00007ffe41eb2000 	C:\WINDOWS\System32\MSASN1.dll

VM Arguments:
jvm_args: -Xmx1536m -Dfile.encoding=windows-1252 -Duser.country=US -Duser.language=en -Duser.variant 
java_command: org.gradle.launcher.daemon.bootstrap.GradleDaemon 5.4.1
java_class_path (initial): C:\Users\aiman\.gradle\wrapper\dists\gradle-5.4.1-all\3221gyojl5jsh0helicew7rwx\gradle-5.4.1\lib\gradle-launcher-5.4.1.jar
Launcher Type: SUN_STANDARD

Environment Variables:
JAVA_HOME=C:\Program Files\Java\jdk-13
PATH=C:\Program Files (x86)\Common Files\Oracle\Java\javapath;C:\WINDOWS\system32;C:\WINDOWS;C:\WINDOWS\System32\Wbem;C:\WINDOWS\System32\WindowsPowerShell\v1.0\;C:\Program Files\dotnet\;C:\Program Files\Microsoft VS Code\bin;C:\Users\aiman\AppData\Local\Microsoft\WindowsApps;;E:\intelli java\IntelliJ IDEA Community Edition 2019.2\bin;
USERNAME=aiman
OS=Windows_NT
PROCESSOR_IDENTIFIER=Intel64 Family 6 Model 61 Stepping 4, GenuineIntel



---------------  S Y S T E M  ---------------

OS: Windows 10.0 , 64 bit Build 16299 (10.0.16299.15)

CPU:total 4 (initial active 4) (2 cores per cpu, 2 threads per core) family 6 model 61 stepping 4, cmov, cx8, fxsr, mmx, sse, sse2, sse3, ssse3, sse4.1, sse4.2, popcnt, avx, avx2, aes, clmul, erms, 3dnowpref, lzcnt, ht, tsc, tscinvbit, bmi1, bmi2, adx

Memory: 4k page, physical 4107804k(355400k free), swap 7872920k(6368k free)

vm_info: OpenJDK 64-Bit Server VM (25.202-b03) for windows-amd64 JRE (1.8.0_202-release-1483-b03), built by "builder" with MS VC++ 10.0 (VS2010)

time: Sat Jan 18 04:19:46 2020
timezone: Pakistan Standard Time
elapsed time: 7524 seconds (0d 2h 5m 24s)

