#
# There is insufficient memory for the Java Runtime Environment to continue.
# Native memory allocation (malloc) failed to allocate 132800 bytes for Chunk::new
# Possible reasons:
#   The system is out of physical RAM or swap space
#   The process is running with CompressedOops enabled, and the Java Heap may be blocking the growth of the native heap
# Possible solutions:
#   Reduce memory load on the system
#   Increase physical memory or swap space
#   Check if swap backing store is full
#   Decrease Java heap size (-Xmx/-Xms)
#   Decrease number of Java threads
#   Decrease Java thread stack sizes (-Xss)
#   Set larger code cache with -XX:ReservedCodeCacheSize=
#   JVM is running with Unscaled Compressed Oops mode in which the Java heap is
#     placed in the first 4GB address space. The Java Heap base address is the
#     maximum limit for the native heap growth. Please use -XX:HeapBaseMinAddress
#     to set the Java Heap base and to place the Java Heap above 4GB virtual address.
# This output file may be truncated or incomplete.
#
#  Out of Memory Error (allocation.cpp:389), pid=12348, tid=0x00000000000018dc
#
# JRE version: OpenJDK Runtime Environment (8.0_202-b03) (build 1.8.0_202-release-1483-b03)
# Java VM: OpenJDK 64-Bit Server VM (25.202-b03 mixed mode windows-amd64 compressed oops)
# Failed to write core dump. Minidumps are not enabled by default on client versions of Windows
#

---------------  T H R E A D  ---------------

Current thread (0x0000000016ddd800):  JavaThread "C2 CompilerThread0" daemon [_thread_in_native, id=6364, stack(0x0000000018330000,0x0000000018430000)]

Stack: [0x0000000018330000,0x0000000018430000]
[error occurred during error reporting (printing stack bounds), id 0xc0000005]

Native frames: (J=compiled Java code, j=interpreted, Vv=VM code, C=native code)


Current CompileTask:
C2:   6392 4516   !   4       org.jetbrains.kotlin.metadata.ProtoBuf$Function::<init> (1112 bytes)


---------------  P R O C E S S  ---------------

Java Threads: ( => current thread )
  0x0000000018664800 JavaThread "Service Thread" daemon [_thread_blocked, id=3948, stack(0x0000000018a30000,0x0000000018b30000)]
  0x0000000016dcf800 JavaThread "C1 CompilerThread2" daemon [_thread_blocked, id=10860, stack(0x0000000018530000,0x0000000018630000)]
  0x0000000016de1800 JavaThread "C2 CompilerThread1" daemon [_thread_in_native, id=10976, stack(0x0000000018430000,0x0000000018530000)]
=>0x0000000016ddd800 JavaThread "C2 CompilerThread0" daemon [_thread_in_native, id=6364, stack(0x0000000018330000,0x0000000018430000)]
  0x0000000016ddb800 JavaThread "Attach Listener" daemon [_thread_blocked, id=12992, stack(0x0000000018230000,0x0000000018330000)]
  0x0000000016dda800 JavaThread "Signal Dispatcher" daemon [_thread_blocked, id=13280, stack(0x0000000018130000,0x0000000018230000)]
  0x00000000047be000 JavaThread "Finalizer" daemon [_thread_blocked, id=12548, stack(0x0000000018030000,0x0000000018130000)]
  0x0000000016db9000 JavaThread "Reference Handler" daemon [_thread_blocked, id=8092, stack(0x0000000017f30000,0x0000000018030000)]
  0x00000000046c6800 JavaThread "main" [_thread_in_Java, id=12552, stack(0x00000000044c0000,0x00000000045c0000)]

Other Threads:
  0x0000000016d96800 VMThread [stack: 0x0000000017e30000,0x0000000017f30000] [id=12160]
  0x0000000018666000 WatcherThread [stack: 0x0000000018b30000,0x0000000018c30000] [id=13100]

VM state:not at safepoint (normal execution)

VM Mutex/Monitor currently owned by a thread: None

heap address: 0x00000000c1400000, size: 1004 MB, Compressed Oops mode: 32-bit
Narrow klass base: 0x0000000000000000, Narrow klass shift: 3
Compressed class space size: 1073741824 Address: 0x0000000100000000

Heap:
 PSYoungGen      total 72704K, used 43991K [0x00000000eb180000, 0x00000000f1a00000, 0x0000000100000000)
  eden space 64000K, 55% used [0x00000000eb180000,0x00000000ed3f8ed8,0x00000000ef000000)
  from space 8704K, 99% used [0x00000000ef000000,0x00000000ef87d0c0,0x00000000ef880000)
  to   space 15872K, 0% used [0x00000000f0a80000,0x00000000f0a80000,0x00000000f1a00000)
 ParOldGen       total 41472K, used 21127K [0x00000000c1400000, 0x00000000c3c80000, 0x00000000eb180000)
  object space 41472K, 50% used [0x00000000c1400000,0x00000000c28a1ef0,0x00000000c3c80000)
 Metaspace       used 41515K, capacity 42148K, committed 42496K, reserved 1087488K
  class space    used 5121K, capacity 5317K, committed 5376K, reserved 1048576K

Card table byte_map: [0x0000000013b80000,0x0000000013d80000] byte_map_base: 0x0000000013576000

Marking Bits: (ParMarkBitMap*) 0x0000000050e49f30
 Begin Bits: [0x00000000142d0000, 0x0000000015280000)
 End Bits:   [0x0000000015280000, 0x0000000016230000)

Polling page: 0x0000000002b60000

CodeCache: size=245760Kb used=14530Kb max_used=14562Kb free=231229Kb
 bounds [0x00000000047c0000, 0x0000000005610000, 0x00000000137c0000]
 total_blobs=4960 nmethods=4505 adapters=366
 compilation: enabled

Compilation events (10 events):
Event: 6.380 Thread 0x0000000016dcf800 4563       1       org.jetbrains.kotlin.resolve.calls.tower.TowerData$BothTowerLevelAndImplicitReceiver::getLevel (5 bytes)
Event: 6.380 Thread 0x0000000016dcf800 nmethod 4563 0x00000000048d7dd0 code [0x00000000048d7f20, 0x00000000048d8030]
Event: 6.381 Thread 0x0000000016dcf800 4564       3       org.jetbrains.kotlin.load.java.lazy.descriptors.LazyJavaClassMemberScope::getContributedClassifier (34 bytes)
Event: 6.382 Thread 0x0000000016dcf800 nmethod 4564 0x00000000048d3350 code [0x00000000048d3540, 0x00000000048d3f38]
Event: 6.383 Thread 0x0000000016dcf800 4565       2       org.jetbrains.kotlin.load.java.lazy.descriptors.LazyJavaScope::getContributedFunctions (48 bytes)
Event: 6.384 Thread 0x0000000016dcf800 nmethod 4565 0x00000000048dfcd0 code [0x00000000048dfea0, 0x00000000048e0288]
Event: 6.385 Thread 0x0000000016dcf800 4566       3       org.jetbrains.kotlin.load.java.lazy.descriptors.JvmPackageScope::getKotlinScopes (17 bytes)
Event: 6.386 Thread 0x0000000016dcf800 nmethod 4566 0x00000000048df350 code [0x00000000048df500, 0x00000000048dfa68]
Event: 6.387 Thread 0x0000000016dcf800 4567       3       org.jetbrains.kotlin.resolve.scopes.MemberScopeImpl::getContributedClassifier (14 bytes)
Event: 6.387 Thread 0x0000000016dcf800 nmethod 4567 0x000000000496c990 code [0x000000000496cb20, 0x000000000496ce18]

GC Heap History (10 events):
Event: 2.592 GC heap before
{Heap before GC invocations=7 (full 1):
 PSYoungGen      total 35328K, used 32768K [0x00000000eb180000, 0x00000000f0180000, 0x0000000100000000)
  eden space 32768K, 100% used [0x00000000eb180000,0x00000000ed180000,0x00000000ed180000)
  from space 2560K, 0% used [0x00000000ed180000,0x00000000ed180000,0x00000000ed400000)
  to   space 8192K, 0% used [0x00000000ef980000,0x00000000ef980000,0x00000000f0180000)
 ParOldGen       total 41472K, used 9447K [0x00000000c1400000, 0x00000000c3c80000, 0x00000000eb180000)
  object space 41472K, 22% used [0x00000000c1400000,0x00000000c1d39c30,0x00000000c3c80000)
 Metaspace       used 24490K, capacity 24976K, committed 25216K, reserved 1071104K
  class space    used 3224K, capacity 3380K, committed 3456K, reserved 1048576K
Event: 2.605 GC heap after
Heap after GC invocations=7 (full 1):
 PSYoungGen      total 53248K, used 7237K [0x00000000eb180000, 0x00000000f0100000, 0x0000000100000000)
  eden space 45568K, 0% used [0x00000000eb180000,0x00000000eb180000,0x00000000ede00000)
  from space 7680K, 94% used [0x00000000ef980000,0x00000000f0091798,0x00000000f0100000)
  to   space 8704K, 0% used [0x00000000ef000000,0x00000000ef000000,0x00000000ef880000)
 ParOldGen       total 41472K, used 9447K [0x00000000c1400000, 0x00000000c3c80000, 0x00000000eb180000)
  object space 41472K, 22% used [0x00000000c1400000,0x00000000c1d39c30,0x00000000c3c80000)
 Metaspace       used 24490K, capacity 24976K, committed 25216K, reserved 1071104K
  class space    used 3224K, capacity 3380K, committed 3456K, reserved 1048576K
}
Event: 3.597 GC heap before
{Heap before GC invocations=8 (full 1):
 PSYoungGen      total 53248K, used 52805K [0x00000000eb180000, 0x00000000f0100000, 0x0000000100000000)
  eden space 45568K, 100% used [0x00000000eb180000,0x00000000ede00000,0x00000000ede00000)
  from space 7680K, 94% used [0x00000000ef980000,0x00000000f0091798,0x00000000f0100000)
  to   space 8704K, 0% used [0x00000000ef000000,0x00000000ef000000,0x00000000ef880000)
 ParOldGen       total 41472K, used 9447K [0x00000000c1400000, 0x00000000c3c80000, 0x00000000eb180000)
  object space 41472K, 22% used [0x00000000c1400000,0x00000000c1d39c30,0x00000000c3c80000)
 Metaspace       used 31582K, capacity 32024K, committed 32384K, reserved 1077248K
  class space    used 4066K, capacity 4219K, committed 4224K, reserved 1048576K
Event: 3.612 GC heap after
Heap after GC invocations=8 (full 1):
 PSYoungGen      total 71168K, used 8697K [0x00000000eb180000, 0x00000000f0880000, 0x0000000100000000)
  eden space 62464K, 0% used [0x00000000eb180000,0x00000000eb180000,0x00000000eee80000)
  from space 8704K, 99% used [0x00000000ef000000,0x00000000ef87e4c0,0x00000000ef880000)
  to   space 13312K, 0% used [0x00000000efb80000,0x00000000efb80000,0x00000000f0880000)
 ParOldGen       total 41472K, used 16965K [0x00000000c1400000, 0x00000000c3c80000, 0x00000000eb180000)
  object space 41472K, 40% used [0x00000000c1400000,0x00000000c2491428,0x00000000c3c80000)
 Metaspace       used 31582K, capacity 32024K, committed 32384K, reserved 1077248K
  class space    used 4066K, capacity 4219K, committed 4224K, reserved 1048576K
}
Event: 3.944 GC heap before
{Heap before GC invocations=9 (full 1):
 PSYoungGen      total 71168K, used 22279K [0x00000000eb180000, 0x00000000f0880000, 0x0000000100000000)
  eden space 62464K, 21% used [0x00000000eb180000,0x00000000ebec3b20,0x00000000eee80000)
  from space 8704K, 99% used [0x00000000ef000000,0x00000000ef87e4c0,0x00000000ef880000)
  to   space 13312K, 0% used [0x00000000efb80000,0x00000000efb80000,0x00000000f0880000)
 ParOldGen       total 41472K, used 16965K [0x00000000c1400000, 0x00000000c3c80000, 0x00000000eb180000)
  object space 41472K, 40% used [0x00000000c1400000,0x00000000c2491428,0x00000000c3c80000)
 Metaspace       used 34715K, capacity 35264K, committed 35496K, reserved 1081344K
  class space    used 4471K, capacity 4601K, committed 4608K, reserved 1048576K
Event: 3.957 GC heap after
Heap after GC invocations=9 (full 1):
 PSYoungGen      total 75776K, used 12110K [0x00000000eb180000, 0x00000000f0880000, 0x0000000100000000)
  eden space 62464K, 0% used [0x00000000eb180000,0x00000000eb180000,0x00000000eee80000)
  from space 13312K, 90% used [0x00000000efb80000,0x00000000f0753b20,0x00000000f0880000)
  to   space 8704K, 0% used [0x00000000ef000000,0x00000000ef000000,0x00000000ef880000)
 ParOldGen       total 41472K, used 16973K [0x00000000c1400000, 0x00000000c3c80000, 0x00000000eb180000)
  object space 41472K, 40% used [0x00000000c1400000,0x00000000c2493428,0x00000000c3c80000)
 Metaspace       used 34715K, capacity 35264K, committed 35496K, reserved 1081344K
  class space    used 4471K, capacity 4601K, committed 4608K, reserved 1048576K
}
Event: 3.957 GC heap before
{Heap before GC invocations=10 (full 2):
 PSYoungGen      total 75776K, used 12110K [0x00000000eb180000, 0x00000000f0880000, 0x0000000100000000)
  eden space 62464K, 0% used [0x00000000eb180000,0x00000000eb180000,0x00000000eee80000)
  from space 13312K, 90% used [0x00000000efb80000,0x00000000f0753b20,0x00000000f0880000)
  to   space 8704K, 0% used [0x00000000ef000000,0x00000000ef000000,0x00000000ef880000)
 ParOldGen       total 41472K, used 16973K [0x00000000c1400000, 0x00000000c3c80000, 0x00000000eb180000)
  object space 41472K, 40% used [0x00000000c1400000,0x00000000c2493428,0x00000000c3c80000)
 Metaspace       used 34715K, capacity 35264K, committed 35496K, reserved 1081344K
  class space    used 4471K, capacity 4601K, committed 4608K, reserved 1048576K
Event: 4.065 GC heap after
Heap after GC invocations=10 (full 2):
 PSYoungGen      total 75776K, used 0K [0x00000000eb180000, 0x00000000f0880000, 0x0000000100000000)
  eden space 62464K, 0% used [0x00000000eb180000,0x00000000eb180000,0x00000000eee80000)
  from space 13312K, 0% used [0x00000000efb80000,0x00000000efb80000,0x00000000f0880000)
  to   space 8704K, 0% used [0x00000000ef000000,0x00000000ef000000,0x00000000ef880000)
 ParOldGen       total 41472K, used 17208K [0x00000000c1400000, 0x00000000c3c80000, 0x00000000eb180000)
  object space 41472K, 41% used [0x00000000c1400000,0x00000000c24ce3a8,0x00000000c3c80000)
 Metaspace       used 34715K, capacity 35264K, committed 35496K, reserved 1081344K
  class space    used 4471K, capacity 4601K, committed 4608K, reserved 1048576K
}
Event: 5.454 GC heap before
{Heap before GC invocations=11 (full 2):
 PSYoungGen      total 75776K, used 62464K [0x00000000eb180000, 0x00000000f0880000, 0x0000000100000000)
  eden space 62464K, 100% used [0x00000000eb180000,0x00000000eee80000,0x00000000eee80000)
  from space 13312K, 0% used [0x00000000efb80000,0x00000000efb80000,0x00000000f0880000)
  to   space 8704K, 0% used [0x00000000ef000000,0x00000000ef000000,0x00000000ef880000)
 ParOldGen       total 41472K, used 17208K [0x00000000c1400000, 0x00000000c3c80000, 0x00000000eb180000)
  object space 41472K, 41% used [0x00000000c1400000,0x00000000c24ce3a8,0x00000000c3c80000)
 Metaspace       used 39642K, capacity 40220K, committed 40448K, reserved 1085440K
  class space    used 4928K, capacity 5069K, committed 5120K, reserved 1048576K
Event: 5.471 GC heap after
Heap after GC invocations=11 (full 2):
 PSYoungGen      total 72704K, used 8692K [0x00000000eb180000, 0x00000000f1a00000, 0x0000000100000000)
  eden space 64000K, 0% used [0x00000000eb180000,0x00000000eb180000,0x00000000ef000000)
  from space 8704K, 99% used [0x00000000ef000000,0x00000000ef87d0c0,0x00000000ef880000)
  to   space 15872K, 0% used [0x00000000f0a80000,0x00000000f0a80000,0x00000000f1a00000)
 ParOldGen       total 41472K, used 21127K [0x00000000c1400000, 0x00000000c3c80000, 0x00000000eb180000)
  object space 41472K, 50% used [0x00000000c1400000,0x00000000c28a1ef0,0x00000000c3c80000)
 Metaspace       used 39642K, capacity 40220K, committed 40448K, reserved 1085440K
  class space    used 4928K, capacity 5069K, committed 5120K, reserved 1048576K
}

Deoptimization events (10 events):
Event: 6.351 Thread 0x00000000046c6800 Uncommon trap: reason=class_check action=maybe_recompile pc=0x00000000054e0d40 method=org.jetbrains.kotlin.serialization.deserialization.descriptors.DeserializedMemberScope.getContributedClassifier(Lorg/jetbrains/kotlin/name/Name;Lorg/jetbrains/kotlin/inc
Event: 6.353 Thread 0x00000000046c6800 Uncommon trap: reason=class_check action=maybe_recompile pc=0x00000000054e0c84 method=org.jetbrains.kotlin.serialization.deserialization.descriptors.DeserializedPackageMemberScope.hasClass(Lorg/jetbrains/kotlin/name/Name;)Z @ 79
Event: 6.353 Thread 0x00000000046c6800 Uncommon trap: reason=bimorphic action=maybe_recompile pc=0x00000000054e0bec method=org.jetbrains.kotlin.serialization.deserialization.descriptors.DeserializedPackageMemberScope.hasClass(Lorg/jetbrains/kotlin/name/Name;)Z @ 38
Event: 6.353 Thread 0x00000000046c6800 Uncommon trap: reason=class_check action=maybe_recompile pc=0x00000000054e0c84 method=org.jetbrains.kotlin.serialization.deserialization.descriptors.DeserializedPackageMemberScope.hasClass(Lorg/jetbrains/kotlin/name/Name;)Z @ 79
Event: 6.353 Thread 0x00000000046c6800 Uncommon trap: reason=bimorphic action=maybe_recompile pc=0x00000000054e0bec method=org.jetbrains.kotlin.serialization.deserialization.descriptors.DeserializedPackageMemberScope.hasClass(Lorg/jetbrains/kotlin/name/Name;)Z @ 38
Event: 6.353 Thread 0x00000000046c6800 Uncommon trap: reason=class_check action=maybe_recompile pc=0x00000000054e0c84 method=org.jetbrains.kotlin.serialization.deserialization.descriptors.DeserializedPackageMemberScope.hasClass(Lorg/jetbrains/kotlin/name/Name;)Z @ 79
Event: 6.353 Thread 0x00000000046c6800 Uncommon trap: reason=bimorphic action=maybe_recompile pc=0x00000000054e0bec method=org.jetbrains.kotlin.serialization.deserialization.descriptors.DeserializedPackageMemberScope.hasClass(Lorg/jetbrains/kotlin/name/Name;)Z @ 38
Event: 6.353 Thread 0x00000000046c6800 Uncommon trap: reason=class_check action=maybe_recompile pc=0x00000000054e0c84 method=org.jetbrains.kotlin.serialization.deserialization.descriptors.DeserializedPackageMemberScope.hasClass(Lorg/jetbrains/kotlin/name/Name;)Z @ 79
Event: 6.353 Thread 0x00000000046c6800 Uncommon trap: reason=bimorphic action=maybe_recompile pc=0x00000000054d34c4 method=org.jetbrains.kotlin.serialization.deserialization.descriptors.DeserializedPackageMemberScope.hasClass(Lorg/jetbrains/kotlin/name/Name;)Z @ 38
Event: 6.358 Thread 0x00000000046c6800 Uncommon trap: reason=class_check action=maybe_recompile pc=0x0000000005513acc method=org.jetbrains.kotlin.serialization.deserialization.descriptors.DeserializedPackageMemberScope.hasClass(Lorg/jetbrains/kotlin/name/Name;)Z @ 79

Classes redefined (0 events):
No events

Internal exceptions (10 events):
Event: 3.089 Thread 0x00000000046c6800 Exception <a 'java/lang/ArrayIndexOutOfBoundsException'> (0x00000000ec7f11c8) thrown at [D:\src\AOSP-openjdk-cygwin\jdk8u\hotspot\src\share\vm\runtime\sharedRuntime.cpp, line 605]
Event: 3.091 Thread 0x00000000046c6800 Exception <a 'java/lang/ArrayIndexOutOfBoundsException'> (0x00000000ec7ff4c8) thrown at [D:\src\AOSP-openjdk-cygwin\jdk8u\hotspot\src\share\vm\runtime\sharedRuntime.cpp, line 605]
Event: 3.091 Thread 0x00000000046c6800 Exception <a 'java/lang/ArrayIndexOutOfBoundsException'> (0x00000000ec8008b0) thrown at [D:\src\AOSP-openjdk-cygwin\jdk8u\hotspot\src\share\vm\runtime\sharedRuntime.cpp, line 605]
Event: 3.775 Thread 0x00000000046c6800 Exception <a 'java/lang/NoSuchMethodError': java.lang.Object.lambda$static$0(I)[Lorg/jetbrains/kotlin/psi/KtExpression;> (0x00000000eb74ba00) thrown at [D:\src\AOSP-openjdk-cygwin\jdk8u\hotspot\src\share\vm\interpreter\linkResolver.cpp, line 620]
Event: 3.797 Thread 0x00000000046c6800 Implicit null exception at 0x0000000004f1c150 to 0x0000000004f1c219
Event: 3.861 Thread 0x00000000046c6800 Exception <a 'java/lang/NoSuchMethodError': java.lang.Object.lambda$static$0(I)[Lorg/jetbrains/kotlin/psi/KtDeclaration;> (0x00000000eba45568) thrown at [D:\src\AOSP-openjdk-cygwin\jdk8u\hotspot\src\share\vm\interpreter\linkResolver.cpp, line 620]
Event: 3.896 Thread 0x00000000046c6800 Exception <a 'java/lang/NoSuchMethodError': java.lang.Object.lambda$static$0(I)[Lorg/jetbrains/kotlin/psi/KtTypeElement;> (0x00000000ebb97b68) thrown at [D:\src\AOSP-openjdk-cygwin\jdk8u\hotspot\src\share\vm\interpreter\linkResolver.cpp, line 620]
Event: 4.573 Thread 0x00000000046c6800 Exception <a 'java/lang/NoSuchMethodError': java.lang.Object.lambda$static$0(I)[Lorg/jetbrains/kotlin/com/intellij/psi/PsiClass;> (0x00000000ec9406b0) thrown at [D:\src\AOSP-openjdk-cygwin\jdk8u\hotspot\src\share\vm\interpreter\linkResolver.cpp, line 620]
Event: 6.043 Thread 0x00000000046c6800 Implicit null exception at 0x000000000523ad94 to 0x000000000523b0b1
Event: 6.043 Thread 0x00000000046c6800 Implicit null exception at 0x0000000005118c6f to 0x0000000005118cad

Events (10 events):
Event: 6.358 Thread 0x00000000046c6800 DEOPT PACKING pc=0x0000000005513acc sp=0x00000000045bc350
Event: 6.358 Thread 0x00000000046c6800 DEOPT UNPACKING pc=0x000000000480557b sp=0x00000000045bc2e8 mode 2
Event: 6.361 loading class org/jetbrains/kotlin/resolve/calls/util/IsFromStdlibJre7Or8Kt
Event: 6.361 loading class org/jetbrains/kotlin/resolve/calls/util/IsFromStdlibJre7Or8Kt done
Event: 6.363 loading class org/jetbrains/kotlin/resolve/calls/tower/CandidateWithBoundDispatchReceiver
Event: 6.363 loading class org/jetbrains/kotlin/resolve/calls/tower/CandidateWithBoundDispatchReceiver done
Event: 6.364 loading class org/jetbrains/kotlin/resolve/lazy/LazyImportScope$getContributedVariables$1
Event: 6.364 loading class org/jetbrains/kotlin/resolve/lazy/LazyImportScope$getContributedVariables$1 done
Event: 6.367 loading class org/jetbrains/kotlin/resolve/lazy/LazyImportScope$getContributedVariables$$inlined$ifEmpty$lambda$1
Event: 6.367 loading class org/jetbrains/kotlin/resolve/lazy/LazyImportScope$getContributedVariables$$inlined$ifEmpty$lambda$1 done


Dynamic libraries:
0x00007ff7d1a90000 - 0x00007ff7d1ac1000 	C:\Program Files\Android\Android Studio\jre\jre\bin\java.exe
0x00007ff9c9df0000 - 0x00007ff9c9fd0000 	C:\WINDOWS\SYSTEM32\ntdll.dll
0x00007ff9c8120000 - 0x00007ff9c81ce000 	C:\WINDOWS\System32\KERNEL32.DLL
0x00007ff9c61f0000 - 0x00007ff9c6456000 	C:\WINDOWS\System32\KERNELBASE.dll
0x00007ff9c78f0000 - 0x00007ff9c7991000 	C:\WINDOWS\System32\ADVAPI32.dll
0x00007ff9c9c80000 - 0x00007ff9c9d1d000 	C:\WINDOWS\System32\msvcrt.dll
0x00007ff9c7730000 - 0x00007ff9c778b000 	C:\WINDOWS\System32\sechost.dll
0x00007ff9c9850000 - 0x00007ff9c996f000 	C:\WINDOWS\System32\RPCRT4.dll
0x00007ff9c7b60000 - 0x00007ff9c7cee000 	C:\WINDOWS\System32\USER32.dll
0x00007ff9c6f30000 - 0x00007ff9c6f50000 	C:\WINDOWS\System32\win32u.dll
0x00007ff9c80f0000 - 0x00007ff9c8118000 	C:\WINDOWS\System32\GDI32.dll
0x00007ff9c64e0000 - 0x00007ff9c6671000 	C:\WINDOWS\System32\gdi32full.dll
0x00007ff9c6f50000 - 0x00007ff9c6feb000 	C:\WINDOWS\System32\msvcp_win.dll
0x00007ff9c6dd0000 - 0x00007ff9c6ec6000 	C:\WINDOWS\System32\ucrtbase.dll
0x00007ff9b51a0000 - 0x00007ff9b5409000 	C:\WINDOWS\WinSxS\amd64_microsoft.windows.common-controls_6595b64144ccf1df_6.0.16299.15_none_cc92fb402215d91d\COMCTL32.dll
0x00007ff9c9970000 - 0x00007ff9c9c78000 	C:\WINDOWS\System32\combase.dll
0x00007ff9c6460000 - 0x00007ff9c64d2000 	C:\WINDOWS\System32\bcryptPrimitives.dll
0x00007ff9c9750000 - 0x00007ff9c977d000 	C:\WINDOWS\System32\IMM32.DLL
0x00000000504c0000 - 0x0000000050592000 	C:\Program Files\Android\Android Studio\jre\jre\bin\msvcr100.dll
0x0000000050680000 - 0x0000000050ec6000 	C:\Program Files\Android\Android Studio\jre\jre\bin\server\jvm.dll
0x00007ff9c7f40000 - 0x00007ff9c7f48000 	C:\WINDOWS\System32\PSAPI.DLL
0x00007ff9b8970000 - 0x00007ff9b897a000 	C:\WINDOWS\SYSTEM32\VERSION.dll
0x00007ff9c2930000 - 0x00007ff9c2953000 	C:\WINDOWS\SYSTEM32\WINMM.dll
0x00007ff9b8980000 - 0x00007ff9b8989000 	C:\WINDOWS\SYSTEM32\WSOCK32.dll
0x00007ff9c81d0000 - 0x00007ff9c823c000 	C:\WINDOWS\System32\WS2_32.dll
0x00007ff9c28d0000 - 0x00007ff9c28fa000 	C:\WINDOWS\SYSTEM32\winmmbase.dll
0x00007ff9c6ff0000 - 0x00007ff9c703a000 	C:\WINDOWS\System32\cfgmgr32.dll
0x00007ff9c2890000 - 0x00007ff9c289f000 	C:\Program Files\Android\Android Studio\jre\jre\bin\verify.dll
0x00007ff9c2690000 - 0x00007ff9c26b9000 	C:\Program Files\Android\Android Studio\jre\jre\bin\java.dll
0x00007ff9c2670000 - 0x00007ff9c2686000 	C:\Program Files\Android\Android Studio\jre\jre\bin\zip.dll
0x00007ff9c8240000 - 0x00007ff9c9677000 	C:\WINDOWS\System32\SHELL32.dll
0x00007ff9c7ab0000 - 0x00007ff9c7b56000 	C:\WINDOWS\System32\shcore.dll
0x00007ff9c6680000 - 0x00007ff9c6dc7000 	C:\WINDOWS\System32\windows.storage.dll
0x00007ff9c7cf0000 - 0x00007ff9c7d41000 	C:\WINDOWS\System32\shlwapi.dll
0x00007ff9c61b0000 - 0x00007ff9c61c1000 	C:\WINDOWS\System32\kernel.appcore.dll
0x00007ff9c6160000 - 0x00007ff9c61ac000 	C:\WINDOWS\System32\powrprof.dll
0x00007ff9c61d0000 - 0x00007ff9c61eb000 	C:\WINDOWS\System32\profapi.dll
0x00007ff9c2650000 - 0x00007ff9c266a000 	C:\Program Files\Android\Android Studio\jre\jre\bin\net.dll
0x00007ff9c5970000 - 0x00007ff9c59d6000 	C:\WINDOWS\system32\mswsock.dll
0x00007ff9c2630000 - 0x00007ff9c2641000 	C:\Program Files\Android\Android Studio\jre\jre\bin\nio.dll

VM Arguments:
java_command: org.jetbrains.kotlin.cli.jvm.K2JVMCompiler -Xallow-no-source-files -classpath C:\Users\aiman\.gradle\caches\modules-2\files-2.1\org.jetbrains.kotlin\kotlin-android-extensions-runtime\1.3.41\8d3d500e42bd74c17fa9586db8ca85c336979d02\kotlin-android-extensions-runtime-1.3.41.jar;C:\Users\aiman\.gradle\caches\modules-2\files-2.1\org.jetbrains.kotlin\kotlin-stdlib-jdk7\1.3.41\a1f331124ba069a09e964ad2640c36f140f2c758\kotlin-stdlib-jdk7-1.3.41.jar;C:\Users\aiman\.gradle\caches\modules-2\files-2.1\org.jetbrains.kotlin\kotlin-stdlib\1.3.41\e24bd38de28a326cce8b1f0d61e809e9a92dad6a\kotlin-stdlib-1.3.41.jar;C:\Users\aiman\.gradle\caches\modules-2\files-2.1\org.jetbrains.kotlin\kotlin-stdlib-common\1.3.41\2ecf4aa059427d7186312fd1736afedf7972e7f7\kotlin-stdlib-common-1.3.41.jar;C:\Users\aiman\.gradle\caches\modules-2\files-2.1\org.jetbrains\annotations\13.0\919f0dfe192fb4e063e7dacadee7f8bb9a2672a9\annotations-13.0.jar;C:\Users\aiman\.gradle\caches\transforms-2\files-2.1\c14b4df9aa6bb20283d056c48cb2c88f\appcompat-1.1.0\jars\classes.jar;C:\Users\aiman\.gradle\caches\transforms-2\files-2.1\121ba2a7b2aba1e6b061899af3e3b3ea\places-2.1.0\jars\classes.jar;C:\Users\aiman\.gradle\caches\transforms-2\files-2.1\ea487d60bb2d77084b4d215d6ff99136\play-services-maps-17.0.0\jars\classes.jar;C:\Users\aiman\.gradle\caches\transforms-2\files-2.1\02ce6074469b95e5cfee496735ee5625\jetified-firebase-auth-16.0.5\jars\classes.jar;C:\Users\aiman\.gradle\caches\transforms-2\files-2.1\83dfdf5f1e39e9545aceca9cc80e4e87\jetified-firebase-database-16.0.4\jars\classes.jar;C:\Users\aiman\.gradle\caches\transforms-2\files-2.1\99af568db7f0675e2c6048b3d113517b\play-services-flags-16.0.1\jars\classes.jar;C:\Users\aiman\.gradle\caches\transforms-2\files-2.1\daad05ae78e23c6abed3f7f3ef3d8ddd\jetified-firebase-auth-interop-16.0.1\jars\classes.jar;C:\Users\aiman\.gradle\caches\transforms-2\files-2.1\c7cda3ff42a308b1ac4ff3cedb304d66\play-services-clearcut-17.0.0\jars\classes.jar;C:\Users\aiman\.gradle\caches
java_class_path (initial): C:\Users\aiman\.gradle\caches\modules-2\files-2.1\org.jetbrains.kotlin\kotlin-compiler-embeddable\1.3.41\6b1d4385d65894e07a0d14a5949f5417a408f0b7\kotlin-compiler-embeddable-1.3.41.jar;C:\Users\aiman\.gradle\caches\modules-2\files-2.1\org.jetbrains.kotlin\kotlin-reflect\1.3.41\8fb58b8954661de666e321478bf4178c18ce8018\kotlin-reflect-1.3.41.jar;C:\Users\aiman\.gradle\caches\modules-2\files-2.1\org.jetbrains.kotlin\kotlin-stdlib\1.3.41\e24bd38de28a326cce8b1f0d61e809e9a92dad6a\kotlin-stdlib-1.3.41.jar;C:\Users\aiman\.gradle\caches\modules-2\files-2.1\org.jetbrains.kotlin\kotlin-script-runtime\1.3.41\bcc3380041bbba171119c22d7024961b60da69e0\kotlin-script-runtime-1.3.41.jar;C:\Users\aiman\.gradle\caches\modules-2\files-2.1\org.jetbrains.intellij.deps\trove4j\1.0.20181211\216c2e14b070f334479d800987affe4054cd563f\trove4j-1.0.20181211.jar;C:\Users\aiman\.gradle\caches\modules-2\files-2.1\org.jetbrains.kotlin\kotlin-stdlib-common\1.3.41\2ecf4aa059427d7186312fd1736afedf7972e7f7\kotlin-stdlib-common-1.3.41.jar;C:\Users\aiman\.gradle\caches\modules-2\files-2.1\org.jetbrains\annotations\13.0\919f0dfe192fb4e063e7dacadee7f8bb9a2672a9\annotations-13.0.jar;C:\Program Files\Android\Android Studio\jre\lib\tools.jar
Launcher Type: SUN_STANDARD

Environment Variables:
JAVA_HOME=C:\Program Files\Java\jdk-13
PATH=C:\Program Files (x86)\Common Files\Oracle\Java\javapath;C:\WINDOWS\system32;C:\WINDOWS;C:\WINDOWS\System32\Wbem;C:\WINDOWS\System32\WindowsPowerShell\v1.0\;C:\Program Files\dotnet\;C:\Program Files\Microsoft VS Code\bin;C:\Users\aiman\AppData\Local\Microsoft\WindowsApps;E:\intelli java\IntelliJ IDEA Community Edition 2019.2\bin;;C:\Users\aiman\AppData\Local\Programs\Python\Python38-32;
USERNAME=aiman
OS=Windows_NT
PROCESSOR_IDENTIFIER=Intel64 Family 6 Model 61 Stepping 4, GenuineIntel



---------------  S Y S T E M  ---------------

OS: Windows 10.0 , 64 bit Build 16299 (10.0.16299.15)

CPU:total 4 (initial active 4) (2 cores per cpu, 2 threads per core) family 6 model 61 stepping 4, cmov, cx8, fxsr, mmx, sse, sse2, sse3, ssse3, sse4.1, sse4.2, popcnt, avx, avx2, aes, clmul, erms, 3dnowpref, lzcnt, ht, tsc, tscinvbit, bmi1, bmi2, adx

Memory: 4k page, physical 4107804k(689332k free), swap 7872920k(4988k free)

vm_info: OpenJDK 64-Bit Server VM (25.202-b03) for windows-amd64 JRE (1.8.0_202-release-1483-b03), built by "builder" with MS VC++ 10.0 (VS2010)

time: Sun Jan 19 03:59:56 2020
timezone: Pakistan Standard Time
elapsed time: 6 seconds (0d 0h 0m 6s)

