#
# There is insufficient memory for the Java Runtime Environment to continue.
# Native memory allocation (malloc) failed to allocate 101616 bytes for Chunk::new
# Possible reasons:
#   The system is out of physical RAM or swap space
#   The process is running with CompressedOops enabled, and the Java Heap may be blocking the growth of the native heap
# Possible solutions:
#   Reduce memory load on the system
#   Increase physical memory or swap space
#   Check if swap backing store is full
#   Decrease Java heap size (-Xmx/-Xms)
#   Decrease number of Java threads
#   Decrease Java thread stack sizes (-Xss)
#   Set larger code cache with -XX:ReservedCodeCacheSize=
#   JVM is running with Unscaled Compressed Oops mode in which the Java heap is
#     placed in the first 4GB address space. The Java Heap base address is the
#     maximum limit for the native heap growth. Please use -XX:HeapBaseMinAddress
#     to set the Java Heap base and to place the Java Heap above 4GB virtual address.
# This output file may be truncated or incomplete.
#
#  Out of Memory Error (allocation.cpp:389), pid=12668, tid=0x0000000000002f2c
#
# JRE version: OpenJDK Runtime Environment (8.0_202-b03) (build 1.8.0_202-release-1483-b03)
# Java VM: OpenJDK 64-Bit Server VM (25.202-b03 mixed mode windows-amd64 compressed oops)
# Failed to write core dump. Minidumps are not enabled by default on client versions of Windows
#

---------------  T H R E A D  ---------------

Current thread (0x0000000017842000):  JavaThread "C2 CompilerThread1" daemon [_thread_in_native, id=12076, stack(0x0000000018f70000,0x0000000019070000)]

Stack: [0x0000000018f70000,0x0000000019070000]
[error occurred during error reporting (printing stack bounds), id 0xc0000005]

Native frames: (J=compiled Java code, j=interpreted, Vv=VM code, C=native code)


Current CompileTask:
C2:   9067 2967       4       org.jetbrains.kotlin.load.java.structure.impl.classFiles.BinaryClassSignatureParser::parseParameterizedClassRefSignature (295 bytes)


---------------  P R O C E S S  ---------------

Java Threads: ( => current thread )
  0x000000001919b000 JavaThread "Service Thread" daemon [_thread_blocked, id=2316, stack(0x0000000019570000,0x0000000019670000)]
  0x0000000017845800 JavaThread "C1 CompilerThread2" daemon [_thread_blocked, id=11008, stack(0x0000000019070000,0x0000000019170000)]
=>0x0000000017842000 JavaThread "C2 CompilerThread1" daemon [_thread_in_native, id=12076, stack(0x0000000018f70000,0x0000000019070000)]
  0x000000001783e000 JavaThread "C2 CompilerThread0" daemon [_thread_blocked, id=8832, stack(0x0000000018e70000,0x0000000018f70000)]
  0x000000001783d000 JavaThread "Attach Listener" daemon [_thread_blocked, id=8120, stack(0x0000000018d70000,0x0000000018e70000)]
  0x000000001783b800 JavaThread "Signal Dispatcher" daemon [_thread_blocked, id=5328, stack(0x0000000018c70000,0x0000000018d70000)]
  0x000000000521c800 JavaThread "Finalizer" daemon [_thread_blocked, id=4220, stack(0x0000000018a80000,0x0000000018b80000)]
  0x0000000017819000 JavaThread "Reference Handler" daemon [_thread_blocked, id=11272, stack(0x0000000018980000,0x0000000018a80000)]
  0x0000000005126800 JavaThread "main" [_thread_in_vm, id=12268, stack(0x0000000004fd0000,0x00000000050d0000)]

Other Threads:
  0x00000000177f6800 VMThread [stack: 0x0000000018880000,0x0000000018980000] [id=8020]
  0x000000001919c800 WatcherThread [stack: 0x0000000019670000,0x0000000019770000] [id=2072]

VM state:not at safepoint (normal execution)

VM Mutex/Monitor currently owned by a thread: None

heap address: 0x00000000c1400000, size: 1004 MB, Compressed Oops mode: 32-bit
Narrow klass base: 0x0000000000000000, Narrow klass shift: 3
Compressed class space size: 1073741824 Address: 0x0000000100000000

Heap:
 PSYoungGen      total 77312K, used 18784K [0x00000000eb180000, 0x00000000f2b80000, 0x0000000100000000)
  eden space 63488K, 29% used [0x00000000eb180000,0x00000000ec3d8390,0x00000000eef80000)
  from space 13824K, 0% used [0x00000000efe00000,0x00000000efe00000,0x00000000f0b80000)
  to   space 14848K, 0% used [0x00000000eef80000,0x00000000eef80000,0x00000000efe00000)
 ParOldGen       total 39424K, used 16853K [0x00000000c1400000, 0x00000000c3a80000, 0x00000000eb180000)
  object space 39424K, 42% used [0x00000000c1400000,0x00000000c24756c0,0x00000000c3a80000)
 Metaspace       used 36662K, capacity 37226K, committed 37544K, reserved 1081344K
  class space    used 4669K, capacity 4828K, committed 4864K, reserved 1048576K

Card table byte_map: [0x00000000145e0000,0x00000000147e0000] byte_map_base: 0x0000000013fd6000

Marking Bits: (ParMarkBitMap*) 0x0000000050e49f30
 Begin Bits: [0x0000000014d30000, 0x0000000015ce0000)
 End Bits:   [0x0000000015ce0000, 0x0000000016c90000)

Polling page: 0x0000000003030000

CodeCache: size=245760Kb used=9266Kb max_used=9273Kb free=236493Kb
 bounds [0x0000000005220000, 0x0000000005b40000, 0x0000000014220000]
 total_blobs=3419 nmethods=2983 adapters=349
 compilation: enabled

Compilation events (10 events):
Event: 9.012 Thread 0x0000000017845800 nmethod 2997 0x0000000005b23dd0 code [0x0000000005b23f20, 0x0000000005b24010]
Event: 9.031 Thread 0x000000001783e000 nmethod 2981 0x0000000005b31290 code [0x0000000005b314a0, 0x0000000005b32210]
Event: 9.031 Thread 0x000000001783e000 2998       4       java.util.HashMap::putVal (300 bytes)
Event: 9.039 Thread 0x000000001783e000 nmethod 2998 0x0000000005b32f50 code [0x0000000005b330e0, 0x0000000005b335d8]
Event: 9.039 Thread 0x000000001783e000 2983       4       java.util.HashMap::put (13 bytes)
Event: 9.048 Thread 0x000000001783e000 nmethod 2983 0x0000000005b33b10 code [0x0000000005b33ca0, 0x0000000005b34218]
Event: 9.048 Thread 0x000000001783e000 2996       4       org.jetbrains.kotlin.name.Name::hashCode (28 bytes)
Event: 9.052 Thread 0x000000001783e000 nmethod 2996 0x0000000005b2e110 code [0x0000000005b2e260, 0x0000000005b2e3f8]
Event: 9.058 Thread 0x0000000017845800 2999       3       gnu.trove.THashMap::rehash (124 bytes)
Event: 9.059 Thread 0x0000000017845800 nmethod 2999 0x0000000005b301d0 code [0x0000000005b303a0, 0x0000000005b30d18]

GC Heap History (10 events):
Event: 3.439 GC heap before
{Heap before GC invocations=6 (full 1):
 PSYoungGen      total 35328K, used 2546K [0x00000000eb180000, 0x00000000f0080000, 0x0000000100000000)
  eden space 32768K, 0% used [0x00000000eb180000,0x00000000eb180000,0x00000000ed180000)
  from space 2560K, 99% used [0x00000000ed180000,0x00000000ed3fc9d8,0x00000000ed400000)
  to   space 7680K, 0% used [0x00000000ef900000,0x00000000ef900000,0x00000000f0080000)
 ParOldGen       total 44032K, used 14999K [0x00000000c1400000, 0x00000000c3f00000, 0x00000000eb180000)
  object space 44032K, 34% used [0x00000000c1400000,0x00000000c22a5ec0,0x00000000c3f00000)
 Metaspace       used 20782K, capacity 21138K, committed 21296K, reserved 1067008K
  class space    used 2717K, capacity 2837K, committed 2944K, reserved 1048576K
Event: 3.494 GC heap after
Heap after GC invocations=6 (full 1):
 PSYoungGen      total 35328K, used 0K [0x00000000eb180000, 0x00000000f0080000, 0x0000000100000000)
  eden space 32768K, 0% used [0x00000000eb180000,0x00000000eb180000,0x00000000ed180000)
  from space 2560K, 0% used [0x00000000ed180000,0x00000000ed180000,0x00000000ed400000)
  to   space 7680K, 0% used [0x00000000ef900000,0x00000000ef900000,0x00000000f0080000)
 ParOldGen       total 39424K, used 8575K [0x00000000c1400000, 0x00000000c3a80000, 0x00000000eb180000)
  object space 39424K, 21% used [0x00000000c1400000,0x00000000c1c5fd28,0x00000000c3a80000)
 Metaspace       used 20782K, capacity 21138K, committed 21296K, reserved 1067008K
  class space    used 2717K, capacity 2837K, committed 2944K, reserved 1048576K
}
Event: 6.544 GC heap before
{Heap before GC invocations=7 (full 1):
 PSYoungGen      total 35328K, used 32768K [0x00000000eb180000, 0x00000000f0080000, 0x0000000100000000)
  eden space 32768K, 100% used [0x00000000eb180000,0x00000000ed180000,0x00000000ed180000)
  from space 2560K, 0% used [0x00000000ed180000,0x00000000ed180000,0x00000000ed400000)
  to   space 7680K, 0% used [0x00000000ef900000,0x00000000ef900000,0x00000000f0080000)
 ParOldGen       total 39424K, used 8575K [0x00000000c1400000, 0x00000000c3a80000, 0x00000000eb180000)
  object space 39424K, 21% used [0x00000000c1400000,0x00000000c1c5fd28,0x00000000c3a80000)
 Metaspace       used 24540K, capacity 25044K, committed 25216K, reserved 1071104K
  class space    used 3224K, capacity 3380K, committed 3456K, reserved 1048576K
Event: 6.554 GC heap after
Heap after GC invocations=7 (full 1):
 PSYoungGen      total 53760K, used 7203K [0x00000000eb180000, 0x00000000f0080000, 0x0000000100000000)
  eden space 46080K, 0% used [0x00000000eb180000,0x00000000eb180000,0x00000000ede80000)
  from space 7680K, 93% used [0x00000000ef900000,0x00000000f0008df8,0x00000000f0080000)
  to   space 8704K, 0% used [0x00000000eef80000,0x00000000eef80000,0x00000000ef800000)
 ParOldGen       total 39424K, used 8583K [0x00000000c1400000, 0x00000000c3a80000, 0x00000000eb180000)
  object space 39424K, 21% used [0x00000000c1400000,0x00000000c1c61d28,0x00000000c3a80000)
 Metaspace       used 24540K, capacity 25044K, committed 25216K, reserved 1071104K
  class space    used 3224K, capacity 3380K, committed 3456K, reserved 1048576K
}
Event: 7.902 GC heap before
{Heap before GC invocations=8 (full 1):
 PSYoungGen      total 53760K, used 53283K [0x00000000eb180000, 0x00000000f0080000, 0x0000000100000000)
  eden space 46080K, 100% used [0x00000000eb180000,0x00000000ede80000,0x00000000ede80000)
  from space 7680K, 93% used [0x00000000ef900000,0x00000000f0008df8,0x00000000f0080000)
  to   space 8704K, 0% used [0x00000000eef80000,0x00000000eef80000,0x00000000ef800000)
 ParOldGen       total 39424K, used 8583K [0x00000000c1400000, 0x00000000c3a80000, 0x00000000eb180000)
  object space 39424K, 21% used [0x00000000c1400000,0x00000000c1c61d28,0x00000000c3a80000)
 Metaspace       used 31954K, capacity 32436K, committed 32768K, reserved 1077248K
  class space    used 4116K, capacity 4252K, committed 4352K, reserved 1048576K
Event: 7.916 GC heap after
Heap after GC invocations=8 (full 1):
 PSYoungGen      total 72192K, used 8702K [0x00000000eb180000, 0x00000000f0b80000, 0x0000000100000000)
  eden space 63488K, 0% used [0x00000000eb180000,0x00000000eb180000,0x00000000eef80000)
  from space 8704K, 99% used [0x00000000eef80000,0x00000000ef7ffb18,0x00000000ef800000)
  to   space 13824K, 0% used [0x00000000efe00000,0x00000000efe00000,0x00000000f0b80000)
 ParOldGen       total 39424K, used 16515K [0x00000000c1400000, 0x00000000c3a80000, 0x00000000eb180000)
  object space 39424K, 41% used [0x00000000c1400000,0x00000000c2420e48,0x00000000c3a80000)
 Metaspace       used 31954K, capacity 32436K, committed 32768K, reserved 1077248K
  class space    used 4116K, capacity 4252K, committed 4352K, reserved 1048576K
}
Event: 8.312 GC heap before
{Heap before GC invocations=9 (full 1):
 PSYoungGen      total 72192K, used 19990K [0x00000000eb180000, 0x00000000f0b80000, 0x0000000100000000)
  eden space 63488K, 17% used [0x00000000eb180000,0x00000000ebc85d00,0x00000000eef80000)
  from space 8704K, 99% used [0x00000000eef80000,0x00000000ef7ffb18,0x00000000ef800000)
  to   space 13824K, 0% used [0x00000000efe00000,0x00000000efe00000,0x00000000f0b80000)
 ParOldGen       total 39424K, used 16515K [0x00000000c1400000, 0x00000000c3a80000, 0x00000000eb180000)
  object space 39424K, 41% used [0x00000000c1400000,0x00000000c2420e48,0x00000000c3a80000)
 Metaspace       used 34749K, capacity 35328K, committed 35496K, reserved 1081344K
  class space    used 4470K, capacity 4601K, committed 4608K, reserved 1048576K
Event: 8.325 GC heap after
Heap after GC invocations=9 (full 1):
 PSYoungGen      total 77312K, used 11636K [0x00000000eb180000, 0x00000000f2b80000, 0x0000000100000000)
  eden space 63488K, 0% used [0x00000000eb180000,0x00000000eb180000,0x00000000eef80000)
  from space 13824K, 84% used [0x00000000efe00000,0x00000000f095d350,0x00000000f0b80000)
  to   space 14848K, 0% used [0x00000000eef80000,0x00000000eef80000,0x00000000efe00000)
 ParOldGen       total 39424K, used 16523K [0x00000000c1400000, 0x00000000c3a80000, 0x00000000eb180000)
  object space 39424K, 41% used [0x00000000c1400000,0x00000000c2422e48,0x00000000c3a80000)
 Metaspace       used 34749K, capacity 35328K, committed 35496K, reserved 1081344K
  class space    used 4470K, capacity 4601K, committed 4608K, reserved 1048576K
}
Event: 8.326 GC heap before
{Heap before GC invocations=10 (full 2):
 PSYoungGen      total 77312K, used 11636K [0x00000000eb180000, 0x00000000f2b80000, 0x0000000100000000)
  eden space 63488K, 0% used [0x00000000eb180000,0x00000000eb180000,0x00000000eef80000)
  from space 13824K, 84% used [0x00000000efe00000,0x00000000f095d350,0x00000000f0b80000)
  to   space 14848K, 0% used [0x00000000eef80000,0x00000000eef80000,0x00000000efe00000)
 ParOldGen       total 39424K, used 16523K [0x00000000c1400000, 0x00000000c3a80000, 0x00000000eb180000)
  object space 39424K, 41% used [0x00000000c1400000,0x00000000c2422e48,0x00000000c3a80000)
 Metaspace       used 34749K, capacity 35328K, committed 35496K, reserved 1081344K
  class space    used 4470K, capacity 4601K, committed 4608K, reserved 1048576K
Event: 8.427 GC heap after
Heap after GC invocations=10 (full 2):
 PSYoungGen      total 77312K, used 0K [0x00000000eb180000, 0x00000000f2b80000, 0x0000000100000000)
  eden space 63488K, 0% used [0x00000000eb180000,0x00000000eb180000,0x00000000eef80000)
  from space 13824K, 0% used [0x00000000efe00000,0x00000000efe00000,0x00000000f0b80000)
  to   space 14848K, 0% used [0x00000000eef80000,0x00000000eef80000,0x00000000efe00000)
 ParOldGen       total 39424K, used 16853K [0x00000000c1400000, 0x00000000c3a80000, 0x00000000eb180000)
  object space 39424K, 42% used [0x00000000c1400000,0x00000000c24756c0,0x00000000c3a80000)
 Metaspace       used 34749K, capacity 35328K, committed 35496K, reserved 1081344K
  class space    used 4470K, capacity 4601K, committed 4608K, reserved 1048576K
}

Deoptimization events (10 events):
Event: 8.846 Thread 0x0000000005126800 Uncommon trap: reason=unstable_if action=reinterpret pc=0x0000000005a451c4 method=org.jetbrains.org.objectweb.asm.ClassReader.readUtf(II[C)Ljava/lang/String; @ 41
Event: 8.880 Thread 0x0000000005126800 Uncommon trap: reason=bimorphic action=maybe_recompile pc=0x00000000058184a0 method=org.jetbrains.kotlin.protobuf.CodedInputStream.tryRefillBuffer(I)Z @ 177
Event: 8.941 Thread 0x0000000005126800 Uncommon trap: reason=class_check action=maybe_recompile pc=0x0000000005acee28 method=org.jetbrains.kotlin.load.java.structure.impl.classFiles.BinaryClassSignatureParser.parseParameterizedClassRefSignature(Ljava/text/CharacterIterator;Lorg/jetbrains/kotli
Event: 8.956 Thread 0x0000000005126800 Uncommon trap: reason=class_check action=maybe_recompile pc=0x0000000005acee28 method=org.jetbrains.kotlin.load.java.structure.impl.classFiles.BinaryClassSignatureParser.parseParameterizedClassRefSignature(Ljava/text/CharacterIterator;Lorg/jetbrains/kotli
Event: 8.956 Thread 0x0000000005126800 Uncommon trap: reason=class_check action=maybe_recompile pc=0x0000000005acee28 method=org.jetbrains.kotlin.load.java.structure.impl.classFiles.BinaryClassSignatureParser.parseParameterizedClassRefSignature(Ljava/text/CharacterIterator;Lorg/jetbrains/kotli
Event: 8.974 Thread 0x0000000005126800 Uncommon trap: reason=class_check action=maybe_recompile pc=0x0000000005acee28 method=org.jetbrains.kotlin.load.java.structure.impl.classFiles.BinaryClassSignatureParser.parseParameterizedClassRefSignature(Ljava/text/CharacterIterator;Lorg/jetbrains/kotli
Event: 9.006 Thread 0x0000000005126800 Uncommon trap: reason=bimorphic action=maybe_recompile pc=0x00000000059374cc method=java.util.HashMap.putVal(ILjava/lang/Object;Ljava/lang/Object;ZZ)Ljava/lang/Object; @ 203
Event: 9.006 Thread 0x0000000005126800 Uncommon trap: reason=bimorphic action=maybe_recompile pc=0x00000000059374cc method=java.util.HashMap.putVal(ILjava/lang/Object;Ljava/lang/Object;ZZ)Ljava/lang/Object; @ 203
Event: 9.006 Thread 0x0000000005126800 Uncommon trap: reason=bimorphic action=maybe_recompile pc=0x0000000005623278 method=java.util.HashMap.putVal(ILjava/lang/Object;Ljava/lang/Object;ZZ)Ljava/lang/Object; @ 203
Event: 9.006 Thread 0x0000000005126800 Uncommon trap: reason=bimorphic action=maybe_recompile pc=0x000000000561d4d0 method=java.util.HashMap.putVal(ILjava/lang/Object;Ljava/lang/Object;ZZ)Ljava/lang/Object; @ 203

Classes redefined (0 events):
No events

Internal exceptions (10 events):
Event: 7.122 Thread 0x0000000005126800 Exception <a 'java/lang/ArrayIndexOutOfBoundsException': 108> (0x00000000ec3851f0) thrown at [D:\src\AOSP-openjdk-cygwin\jdk8u\hotspot\src\share\vm\interpreter\interpreterRuntime.cpp, line 368]
Event: 7.123 Thread 0x0000000005126800 Exception <a 'java/lang/ArrayIndexOutOfBoundsException'> (0x00000000ec3868d0) thrown at [D:\src\AOSP-openjdk-cygwin\jdk8u\hotspot\src\share\vm\runtime\sharedRuntime.cpp, line 605]
Event: 7.126 Thread 0x0000000005126800 Exception <a 'java/lang/ArrayIndexOutOfBoundsException'> (0x00000000ec387a48) thrown at [D:\src\AOSP-openjdk-cygwin\jdk8u\hotspot\src\share\vm\runtime\sharedRuntime.cpp, line 605]
Event: 7.133 Thread 0x0000000005126800 Exception <a 'java/lang/ArrayIndexOutOfBoundsException'> (0x00000000ec3a9280) thrown at [D:\src\AOSP-openjdk-cygwin\jdk8u\hotspot\src\share\vm\runtime\sharedRuntime.cpp, line 605]
Event: 7.134 Thread 0x0000000005126800 Exception <a 'java/lang/ArrayIndexOutOfBoundsException'> (0x00000000ec3aa2c8) thrown at [D:\src\AOSP-openjdk-cygwin\jdk8u\hotspot\src\share\vm\runtime\sharedRuntime.cpp, line 605]
Event: 7.145 Thread 0x0000000005126800 Exception <a 'java/lang/ArrayIndexOutOfBoundsException'> (0x00000000ec3b7f48) thrown at [D:\src\AOSP-openjdk-cygwin\jdk8u\hotspot\src\share\vm\runtime\sharedRuntime.cpp, line 605]
Event: 8.103 Thread 0x0000000005126800 Exception <a 'java/lang/NoSuchMethodError': java.lang.Object.lambda$static$0(I)[Lorg/jetbrains/kotlin/psi/KtExpression;> (0x00000000eb56efe0) thrown at [D:\src\AOSP-openjdk-cygwin\jdk8u\hotspot\src\share\vm\interpreter\linkResolver.cpp, line 620]
Event: 8.138 Thread 0x0000000005126800 Implicit null exception at 0x000000000599b1d0 to 0x000000000599b299
Event: 8.202 Thread 0x0000000005126800 Exception <a 'java/lang/NoSuchMethodError': java.lang.Object.lambda$static$0(I)[Lorg/jetbrains/kotlin/psi/KtDeclaration;> (0x00000000eb868db0) thrown at [D:\src\AOSP-openjdk-cygwin\jdk8u\hotspot\src\share\vm\interpreter\linkResolver.cpp, line 620]
Event: 8.246 Thread 0x0000000005126800 Exception <a 'java/lang/NoSuchMethodError': java.lang.Object.lambda$static$0(I)[Lorg/jetbrains/kotlin/psi/KtTypeElement;> (0x00000000eb9b8d10) thrown at [D:\src\AOSP-openjdk-cygwin\jdk8u\hotspot\src\share\vm\interpreter\linkResolver.cpp, line 620]

Events (10 events):
Event: 9.056 loading class org/jetbrains/kotlin/resolve/jvm/kotlinSignature/SignaturePropagationUtilKt
Event: 9.056 loading class org/jetbrains/kotlin/resolve/jvm/kotlinSignature/SignaturePropagationUtilKt done
Event: 9.058 loading class org/jetbrains/kotlin/descriptors/FunctionDescriptor
Event: 9.058 loading class org/jetbrains/kotlin/descriptors/FunctionDescriptor done
Event: 9.058 loading class org/jetbrains/kotlin/descriptors/FunctionDescriptor
Event: 9.058 loading class org/jetbrains/kotlin/descriptors/FunctionDescriptor done
Event: 9.058 loading class org/jetbrains/kotlin/resolve/jvm/kotlinSignature/SignaturesPropagationData$ValueParameters
Event: 9.058 loading class org/jetbrains/kotlin/resolve/jvm/kotlinSignature/SignaturesPropagationData$ValueParameters done
Event: 9.059 loading class org/jetbrains/kotlin/load/java/lazy/descriptors/LazyJavaScope$MethodSignatureData
Event: 9.059 loading class org/jetbrains/kotlin/load/java/lazy/descriptors/LazyJavaScope$MethodSignatureData done


Dynamic libraries:
0x00007ff7d1a90000 - 0x00007ff7d1ac1000 	C:\Program Files\Android\Android Studio\jre\jre\bin\java.exe
0x00007ff9c9df0000 - 0x00007ff9c9fd0000 	C:\WINDOWS\SYSTEM32\ntdll.dll
0x00007ff9c8120000 - 0x00007ff9c81ce000 	C:\WINDOWS\System32\KERNEL32.DLL
0x00007ff9c61f0000 - 0x00007ff9c6456000 	C:\WINDOWS\System32\KERNELBASE.dll
0x00007ff9c78f0000 - 0x00007ff9c7991000 	C:\WINDOWS\System32\ADVAPI32.dll
0x00007ff9c9c80000 - 0x00007ff9c9d1d000 	C:\WINDOWS\System32\msvcrt.dll
0x00007ff9c7730000 - 0x00007ff9c778b000 	C:\WINDOWS\System32\sechost.dll
0x00007ff9c9850000 - 0x00007ff9c996f000 	C:\WINDOWS\System32\RPCRT4.dll
0x00007ff9c7b60000 - 0x00007ff9c7cee000 	C:\WINDOWS\System32\USER32.dll
0x00007ff9c6f30000 - 0x00007ff9c6f50000 	C:\WINDOWS\System32\win32u.dll
0x00007ff9c80f0000 - 0x00007ff9c8118000 	C:\WINDOWS\System32\GDI32.dll
0x00007ff9c64e0000 - 0x00007ff9c6671000 	C:\WINDOWS\System32\gdi32full.dll
0x00007ff9c6f50000 - 0x00007ff9c6feb000 	C:\WINDOWS\System32\msvcp_win.dll
0x00007ff9c6dd0000 - 0x00007ff9c6ec6000 	C:\WINDOWS\System32\ucrtbase.dll
0x00007ff9b51a0000 - 0x00007ff9b5409000 	C:\WINDOWS\WinSxS\amd64_microsoft.windows.common-controls_6595b64144ccf1df_6.0.16299.15_none_cc92fb402215d91d\COMCTL32.dll
0x00007ff9c9970000 - 0x00007ff9c9c78000 	C:\WINDOWS\System32\combase.dll
0x00007ff9c6460000 - 0x00007ff9c64d2000 	C:\WINDOWS\System32\bcryptPrimitives.dll
0x00007ff9c9750000 - 0x00007ff9c977d000 	C:\WINDOWS\System32\IMM32.DLL
0x00000000504c0000 - 0x0000000050592000 	C:\Program Files\Android\Android Studio\jre\jre\bin\msvcr100.dll
0x0000000050680000 - 0x0000000050ec6000 	C:\Program Files\Android\Android Studio\jre\jre\bin\server\jvm.dll
0x00007ff9c7f40000 - 0x00007ff9c7f48000 	C:\WINDOWS\System32\PSAPI.DLL
0x00007ff9c2930000 - 0x00007ff9c2953000 	C:\WINDOWS\SYSTEM32\WINMM.dll
0x00007ff9b8970000 - 0x00007ff9b897a000 	C:\WINDOWS\SYSTEM32\VERSION.dll
0x00007ff9b8980000 - 0x00007ff9b8989000 	C:\WINDOWS\SYSTEM32\WSOCK32.dll
0x00007ff9c81d0000 - 0x00007ff9c823c000 	C:\WINDOWS\System32\WS2_32.dll
0x00007ff9c28d0000 - 0x00007ff9c28fa000 	C:\WINDOWS\SYSTEM32\winmmbase.dll
0x00007ff9c6ff0000 - 0x00007ff9c703a000 	C:\WINDOWS\System32\cfgmgr32.dll
0x00007ff9c2890000 - 0x00007ff9c289f000 	C:\Program Files\Android\Android Studio\jre\jre\bin\verify.dll
0x00007ff9c2690000 - 0x00007ff9c26b9000 	C:\Program Files\Android\Android Studio\jre\jre\bin\java.dll
0x00007ff9c2670000 - 0x00007ff9c2686000 	C:\Program Files\Android\Android Studio\jre\jre\bin\zip.dll
0x00007ff9c8240000 - 0x00007ff9c9677000 	C:\WINDOWS\System32\SHELL32.dll
0x00007ff9c7ab0000 - 0x00007ff9c7b56000 	C:\WINDOWS\System32\shcore.dll
0x00007ff9c6680000 - 0x00007ff9c6dc7000 	C:\WINDOWS\System32\windows.storage.dll
0x00007ff9c7cf0000 - 0x00007ff9c7d41000 	C:\WINDOWS\System32\shlwapi.dll
0x00007ff9c61b0000 - 0x00007ff9c61c1000 	C:\WINDOWS\System32\kernel.appcore.dll
0x00007ff9c6160000 - 0x00007ff9c61ac000 	C:\WINDOWS\System32\powrprof.dll
0x00007ff9c61d0000 - 0x00007ff9c61eb000 	C:\WINDOWS\System32\profapi.dll
0x00007ff9c2650000 - 0x00007ff9c266a000 	C:\Program Files\Android\Android Studio\jre\jre\bin\net.dll
0x00007ff9c5970000 - 0x00007ff9c59d6000 	C:\WINDOWS\system32\mswsock.dll
0x00007ff9c2630000 - 0x00007ff9c2641000 	C:\Program Files\Android\Android Studio\jre\jre\bin\nio.dll

VM Arguments:
java_command: org.jetbrains.kotlin.cli.jvm.K2JVMCompiler -Xallow-no-source-files -classpath C:\Users\aiman\.gradle\caches\modules-2\files-2.1\org.jetbrains.kotlin\kotlin-android-extensions-runtime\1.3.41\8d3d500e42bd74c17fa9586db8ca85c336979d02\kotlin-android-extensions-runtime-1.3.41.jar;C:\Users\aiman\.gradle\caches\modules-2\files-2.1\org.jetbrains.kotlin\kotlin-stdlib-jdk7\1.3.41\a1f331124ba069a09e964ad2640c36f140f2c758\kotlin-stdlib-jdk7-1.3.41.jar;C:\Users\aiman\.gradle\caches\modules-2\files-2.1\org.jetbrains.kotlin\kotlin-stdlib\1.3.41\e24bd38de28a326cce8b1f0d61e809e9a92dad6a\kotlin-stdlib-1.3.41.jar;C:\Users\aiman\.gradle\caches\modules-2\files-2.1\org.jetbrains.kotlin\kotlin-stdlib-common\1.3.41\2ecf4aa059427d7186312fd1736afedf7972e7f7\kotlin-stdlib-common-1.3.41.jar;C:\Users\aiman\.gradle\caches\modules-2\files-2.1\org.jetbrains\annotations\13.0\919f0dfe192fb4e063e7dacadee7f8bb9a2672a9\annotations-13.0.jar;C:\Users\aiman\.gradle\caches\transforms-2\files-2.1\c14b4df9aa6bb20283d056c48cb2c88f\appcompat-1.1.0\jars\classes.jar;C:\Users\aiman\.gradle\caches\transforms-2\files-2.1\121ba2a7b2aba1e6b061899af3e3b3ea\places-2.1.0\jars\classes.jar;C:\Users\aiman\.gradle\caches\transforms-2\files-2.1\ea487d60bb2d77084b4d215d6ff99136\play-services-maps-17.0.0\jars\classes.jar;C:\Users\aiman\.gradle\caches\transforms-2\files-2.1\02ce6074469b95e5cfee496735ee5625\jetified-firebase-auth-16.0.5\jars\classes.jar;C:\Users\aiman\.gradle\caches\transforms-2\files-2.1\83dfdf5f1e39e9545aceca9cc80e4e87\jetified-firebase-database-16.0.4\jars\classes.jar;C:\Users\aiman\.gradle\caches\transforms-2\files-2.1\99af568db7f0675e2c6048b3d113517b\play-services-flags-16.0.1\jars\classes.jar;C:\Users\aiman\.gradle\caches\transforms-2\files-2.1\daad05ae78e23c6abed3f7f3ef3d8ddd\jetified-firebase-auth-interop-16.0.1\jars\classes.jar;C:\Users\aiman\.gradle\caches\transforms-2\files-2.1\c7cda3ff42a308b1ac4ff3cedb304d66\play-services-clearcut-17.0.0\jars\classes.jar;C:\Users\aiman\.gradle\caches
java_class_path (initial): C:\Users\aiman\.gradle\caches\modules-2\files-2.1\org.jetbrains.kotlin\kotlin-compiler-embeddable\1.3.41\6b1d4385d65894e07a0d14a5949f5417a408f0b7\kotlin-compiler-embeddable-1.3.41.jar;C:\Users\aiman\.gradle\caches\modules-2\files-2.1\org.jetbrains.kotlin\kotlin-reflect\1.3.41\8fb58b8954661de666e321478bf4178c18ce8018\kotlin-reflect-1.3.41.jar;C:\Users\aiman\.gradle\caches\modules-2\files-2.1\org.jetbrains.kotlin\kotlin-stdlib\1.3.41\e24bd38de28a326cce8b1f0d61e809e9a92dad6a\kotlin-stdlib-1.3.41.jar;C:\Users\aiman\.gradle\caches\modules-2\files-2.1\org.jetbrains.kotlin\kotlin-script-runtime\1.3.41\bcc3380041bbba171119c22d7024961b60da69e0\kotlin-script-runtime-1.3.41.jar;C:\Users\aiman\.gradle\caches\modules-2\files-2.1\org.jetbrains.intellij.deps\trove4j\1.0.20181211\216c2e14b070f334479d800987affe4054cd563f\trove4j-1.0.20181211.jar;C:\Users\aiman\.gradle\caches\modules-2\files-2.1\org.jetbrains.kotlin\kotlin-stdlib-common\1.3.41\2ecf4aa059427d7186312fd1736afedf7972e7f7\kotlin-stdlib-common-1.3.41.jar;C:\Users\aiman\.gradle\caches\modules-2\files-2.1\org.jetbrains\annotations\13.0\919f0dfe192fb4e063e7dacadee7f8bb9a2672a9\annotations-13.0.jar;C:\Program Files\Android\Android Studio\jre\lib\tools.jar
Launcher Type: SUN_STANDARD

Environment Variables:
JAVA_HOME=C:\Program Files\Java\jdk-13
PATH=C:\Program Files (x86)\Common Files\Oracle\Java\javapath;C:\WINDOWS\system32;C:\WINDOWS;C:\WINDOWS\System32\Wbem;C:\WINDOWS\System32\WindowsPowerShell\v1.0\;C:\Program Files\dotnet\;C:\Program Files\Microsoft VS Code\bin;C:\Users\aiman\AppData\Local\Microsoft\WindowsApps;E:\intelli java\IntelliJ IDEA Community Edition 2019.2\bin;;C:\Users\aiman\AppData\Local\Programs\Python\Python38-32;
USERNAME=aiman
OS=Windows_NT
PROCESSOR_IDENTIFIER=Intel64 Family 6 Model 61 Stepping 4, GenuineIntel



---------------  S Y S T E M  ---------------

OS: Windows 10.0 , 64 bit Build 16299 (10.0.16299.15)

CPU:total 4 (initial active 4) (2 cores per cpu, 2 threads per core) family 6 model 61 stepping 4, cmov, cx8, fxsr, mmx, sse, sse2, sse3, ssse3, sse4.1, sse4.2, popcnt, avx, avx2, aes, clmul, erms, 3dnowpref, lzcnt, ht, tsc, tscinvbit, bmi1, bmi2, adx

Memory: 4k page, physical 4107804k(417036k free), swap 7872920k(4076k free)

vm_info: OpenJDK 64-Bit Server VM (25.202-b03) for windows-amd64 JRE (1.8.0_202-release-1483-b03), built by "builder" with MS VC++ 10.0 (VS2010)

time: Sun Jan 19 04:03:59 2020
timezone: Pakistan Standard Time
elapsed time: 9 seconds (0d 0h 0m 9s)

